  [1m[35m (15.0ms)[0m  [1m[35mCREATE TABLE "schema_migrations" ("version" character varying NOT NULL PRIMARY KEY)[0m
  [1m[35m (3.9ms)[0m  [1m[35mCREATE TABLE "ar_internal_metadata" ("key" character varying NOT NULL PRIMARY KEY, "value" character varying, "created_at" timestamp NOT NULL, "updated_at" timestamp NOT NULL)[0m
  [1m[35m (0.3ms)[0m  [1m[34mSELECT pg_try_advisory_lock(314210034044227020)[0m
  [1m[35m (0.4ms)[0m  [1m[34mSELECT "schema_migrations"."version" FROM "schema_migrations" ORDER BY "schema_migrations"."version" ASC[0m
Migrating to CreateSongsTable (20180719075230)
  [1m[35m (0.1ms)[0m  [1m[35mBEGIN[0m
  [1m[35m (3.8ms)[0m  [1m[35mCREATE TABLE "songs_tables" ("id" bigserial primary key, "name" character varying, "created_at" timestamp NOT NULL, "updated_at" timestamp NOT NULL)[0m
  [1m[35mSQL (0.5ms)[0m  [1m[32mINSERT INTO "schema_migrations" ("version") VALUES ($1) RETURNING "version"[0m  [["version", "20180719075230"]]
  [1m[35m (0.5ms)[0m  [1m[35mCOMMIT[0m
Migrating to CreateGenresTable (20180719075237)
  [1m[35m (0.2ms)[0m  [1m[35mBEGIN[0m
  [1m[35m (2.7ms)[0m  [1m[35mCREATE TABLE "genres_tables" ("id" bigserial primary key, "name" character varying, "created_at" timestamp NOT NULL, "updated_at" timestamp NOT NULL)[0m
  [1m[35mSQL (0.5ms)[0m  [1m[32mINSERT INTO "schema_migrations" ("version") VALUES ($1) RETURNING "version"[0m  [["version", "20180719075237"]]
  [1m[35m (0.4ms)[0m  [1m[35mCOMMIT[0m
Migrating to CreateGenreSongsTable (20180719075253)
  [1m[35m (0.3ms)[0m  [1m[35mBEGIN[0m
  [1m[35m (2.4ms)[0m  [1m[35mCREATE TABLE "genre_songs_tables" ("id" bigserial primary key, "genre_id" integer, "song_id" integer)[0m
  [1m[35mSQL (0.3ms)[0m  [1m[32mINSERT INTO "schema_migrations" ("version") VALUES ($1) RETURNING "version"[0m  [["version", "20180719075253"]]
  [1m[35m (0.5ms)[0m  [1m[35mCOMMIT[0m
  [1m[36mActiveRecord::InternalMetadata Load (0.3ms)[0m  [1m[34mSELECT  "ar_internal_metadata".* FROM "ar_internal_metadata" WHERE "ar_internal_metadata"."key" = $1 LIMIT $2[0m  [["key", "environment"], ["LIMIT", 1]]
  [1m[35m (0.2ms)[0m  [1m[35mBEGIN[0m
  [1m[35mSQL (0.4ms)[0m  [1m[32mINSERT INTO "ar_internal_metadata" ("key", "value", "created_at", "updated_at") VALUES ($1, $2, $3, $4) RETURNING "key"[0m  [["key", "environment"], ["value", "development"], ["created_at", "2018-07-19 07:53:49.527534"], ["updated_at", "2018-07-19 07:53:49.527534"]]
  [1m[35m (0.5ms)[0m  [1m[35mCOMMIT[0m
  [1m[35m (0.2ms)[0m  [1m[34mSELECT pg_advisory_unlock(314210034044227020)[0m
  [1m[35m (0.3ms)[0m  [1m[34mSELECT "schema_migrations"."version" FROM "schema_migrations" ORDER BY "schema_migrations"."version" ASC[0m
  [1m[35m (0.6ms)[0m  [1m[34mSELECT "schema_migrations"."version" FROM "schema_migrations" ORDER BY "schema_migrations"."version" ASC[0m
  [1m[35m (0.2ms)[0m  [1m[34mSELECT pg_try_advisory_lock(314210034044227020)[0m
  [1m[35m (0.2ms)[0m  [1m[34mSELECT "schema_migrations"."version" FROM "schema_migrations" ORDER BY "schema_migrations"."version" ASC[0m
Migrating to CreateGenreSongsTable (20180719075253)
  [1m[35m (0.2ms)[0m  [1m[35mBEGIN[0m
  [1m[35m (15.9ms)[0m  [1m[35mDROP TABLE "genre_songs_tables"[0m
  [1m[35mSQL (0.8ms)[0m  [1m[31mDELETE FROM "schema_migrations" WHERE "schema_migrations"."version" = $1[0m  [["version", "20180719075253"]]
  [1m[35m (2.8ms)[0m  [1m[35mCOMMIT[0m
  [1m[35m (0.5ms)[0m  [1m[34mSELECT pg_advisory_unlock(314210034044227020)[0m
  [1m[35m (0.4ms)[0m  [1m[34mSELECT "schema_migrations"."version" FROM "schema_migrations" ORDER BY "schema_migrations"."version" ASC[0m
  [1m[35m (0.5ms)[0m  [1m[34mSELECT "schema_migrations"."version" FROM "schema_migrations" ORDER BY "schema_migrations"."version" ASC[0m
  [1m[35m (0.3ms)[0m  [1m[34mSELECT "ar_internal_metadata"."value" FROM "ar_internal_metadata" WHERE "ar_internal_metadata"."key" = $1[0m  [["key", "environment"]]
  [1m[35m (0.2ms)[0m  [1m[34mSELECT "schema_migrations"."version" FROM "schema_migrations" ORDER BY "schema_migrations"."version" ASC[0m
  [1m[35m (0.2ms)[0m  [1m[34mSELECT "ar_internal_metadata"."value" FROM "ar_internal_metadata" WHERE "ar_internal_metadata"."key" = $1[0m  [["key", "environment"]]
  [1m[35m (0.2ms)[0m  [1m[34mSELECT "schema_migrations"."version" FROM "schema_migrations" ORDER BY "schema_migrations"."version" ASC[0m
  [1m[35m (0.2ms)[0m  [1m[34mSELECT "ar_internal_metadata"."value" FROM "ar_internal_metadata" WHERE "ar_internal_metadata"."key" = $1[0m  [["key", "environment"]]
  [1m[35m (159.5ms)[0m  [1m[35mDROP DATABASE IF EXISTS "ga_playground_db"[0m
  [1m[35m (0.1ms)[0m  [1m[35mDROP DATABASE IF EXISTS "sortify_test"[0m
  [1m[35m (530.5ms)[0m  [1m[35mCREATE DATABASE "ga_playground_db" ENCODING = 'unicode'[0m
  [1m[35m (377.0ms)[0m  [1m[35mCREATE DATABASE "sortify_test" ENCODING = 'unicode'[0m
  [1m[35mSQL (1.6ms)[0m  [1m[35mCREATE EXTENSION IF NOT EXISTS "plpgsql"[0m
  [1m[35m (0.4ms)[0m  [1m[35mDROP TABLE IF EXISTS "genres_tables" CASCADE[0m
  [1m[35m (12.5ms)[0m  [1m[35mCREATE TABLE "genres_tables" ("id" bigserial primary key, "name" character varying, "created_at" timestamp NOT NULL, "updated_at" timestamp NOT NULL)[0m
  [1m[35m (0.4ms)[0m  [1m[35mDROP TABLE IF EXISTS "songs_tables" CASCADE[0m
  [1m[35m (4.7ms)[0m  [1m[35mCREATE TABLE "songs_tables" ("id" bigserial primary key, "name" character varying, "created_at" timestamp NOT NULL, "updated_at" timestamp NOT NULL)[0m
  [1m[35m (4.4ms)[0m  [1m[35mCREATE TABLE "schema_migrations" ("version" character varying NOT NULL PRIMARY KEY)[0m
  [1m[35m (0.8ms)[0m  [1m[34mSELECT "schema_migrations"."version" FROM "schema_migrations" ORDER BY "schema_migrations"."version" ASC[0m
  [1m[35m (0.9ms)[0m  [1m[32mINSERT INTO "schema_migrations" (version) VALUES (20180719075237)[0m
  [1m[35m (0.5ms)[0m  [1m[32mINSERT INTO "schema_migrations" (version) VALUES
(20180719075230);

[0m
  [1m[35m (3.1ms)[0m  [1m[35mCREATE TABLE "ar_internal_metadata" ("key" character varying NOT NULL PRIMARY KEY, "value" character varying, "created_at" timestamp NOT NULL, "updated_at" timestamp NOT NULL)[0m
  [1m[36mActiveRecord::InternalMetadata Load (0.3ms)[0m  [1m[34mSELECT  "ar_internal_metadata".* FROM "ar_internal_metadata" WHERE "ar_internal_metadata"."key" = $1 LIMIT $2[0m  [["key", "environment"], ["LIMIT", 1]]
  [1m[35m (0.2ms)[0m  [1m[35mBEGIN[0m
  [1m[35mSQL (0.5ms)[0m  [1m[32mINSERT INTO "ar_internal_metadata" ("key", "value", "created_at", "updated_at") VALUES ($1, $2, $3, $4) RETURNING "key"[0m  [["key", "environment"], ["value", "development"], ["created_at", "2018-07-19 08:00:18.008240"], ["updated_at", "2018-07-19 08:00:18.008240"]]
  [1m[35m (0.5ms)[0m  [1m[35mCOMMIT[0m
  [1m[36mActiveRecord::InternalMetadata Load (0.2ms)[0m  [1m[34mSELECT  "ar_internal_metadata".* FROM "ar_internal_metadata" WHERE "ar_internal_metadata"."key" = $1 LIMIT $2[0m  [["key", "environment"], ["LIMIT", 1]]
  [1m[35m (0.1ms)[0m  [1m[35mBEGIN[0m
  [1m[35m (0.1ms)[0m  [1m[35mCOMMIT[0m
  [1m[35mSQL (0.4ms)[0m  [1m[35mCREATE EXTENSION IF NOT EXISTS "plpgsql"[0m
  [1m[35m (0.3ms)[0m  [1m[35mDROP TABLE IF EXISTS "genres_tables" CASCADE[0m
  [1m[35m (7.3ms)[0m  [1m[35mCREATE TABLE "genres_tables" ("id" bigserial primary key, "name" character varying, "created_at" timestamp NOT NULL, "updated_at" timestamp NOT NULL)[0m
  [1m[35m (0.6ms)[0m  [1m[35mDROP TABLE IF EXISTS "songs_tables" CASCADE[0m
  [1m[35m (7.9ms)[0m  [1m[35mCREATE TABLE "songs_tables" ("id" bigserial primary key, "name" character varying, "created_at" timestamp NOT NULL, "updated_at" timestamp NOT NULL)[0m
  [1m[35m (3.3ms)[0m  [1m[35mCREATE TABLE "schema_migrations" ("version" character varying NOT NULL PRIMARY KEY)[0m
  [1m[35m (0.6ms)[0m  [1m[34mSELECT "schema_migrations"."version" FROM "schema_migrations" ORDER BY "schema_migrations"."version" ASC[0m
  [1m[35m (0.7ms)[0m  [1m[32mINSERT INTO "schema_migrations" (version) VALUES (20180719075237)[0m
  [1m[35m (0.4ms)[0m  [1m[32mINSERT INTO "schema_migrations" (version) VALUES
(20180719075230);

[0m
  [1m[35m (2.8ms)[0m  [1m[35mCREATE TABLE "ar_internal_metadata" ("key" character varying NOT NULL PRIMARY KEY, "value" character varying, "created_at" timestamp NOT NULL, "updated_at" timestamp NOT NULL)[0m
  [1m[36mActiveRecord::InternalMetadata Load (0.3ms)[0m  [1m[34mSELECT  "ar_internal_metadata".* FROM "ar_internal_metadata" WHERE "ar_internal_metadata"."key" = $1 LIMIT $2[0m  [["key", "environment"], ["LIMIT", 1]]
  [1m[35m (0.1ms)[0m  [1m[35mBEGIN[0m
  [1m[35mSQL (0.4ms)[0m  [1m[32mINSERT INTO "ar_internal_metadata" ("key", "value", "created_at", "updated_at") VALUES ($1, $2, $3, $4) RETURNING "key"[0m  [["key", "environment"], ["value", "development"], ["created_at", "2018-07-19 08:00:18.067859"], ["updated_at", "2018-07-19 08:00:18.067859"]]
  [1m[35m (0.5ms)[0m  [1m[35mCOMMIT[0m
  [1m[36mActiveRecord::InternalMetadata Load (0.2ms)[0m  [1m[34mSELECT  "ar_internal_metadata".* FROM "ar_internal_metadata" WHERE "ar_internal_metadata"."key" = $1 LIMIT $2[0m  [["key", "environment"], ["LIMIT", 1]]
  [1m[35m (0.1ms)[0m  [1m[35mBEGIN[0m
  [1m[35mSQL (0.3ms)[0m  [1m[33mUPDATE "ar_internal_metadata" SET "value" = $1, "updated_at" = $2 WHERE "ar_internal_metadata"."key" = $3[0m  [["value", "test"], ["updated_at", "2018-07-19 08:00:18.071264"], ["key", "environment"]]
  [1m[35m (0.5ms)[0m  [1m[35mCOMMIT[0m
  [1m[35m (0.6ms)[0m  [1m[34mSELECT "schema_migrations"."version" FROM "schema_migrations" ORDER BY "schema_migrations"."version" ASC[0m
  [1m[35m (0.2ms)[0m  [1m[34mSELECT pg_try_advisory_lock(314210034044227020)[0m
  [1m[35m (0.5ms)[0m  [1m[34mSELECT "schema_migrations"."version" FROM "schema_migrations" ORDER BY "schema_migrations"."version" ASC[0m
Migrating to CreateGenreSongsTable (20180719075253)
  [1m[35m (0.2ms)[0m  [1m[35mBEGIN[0m
  [1m[35m (3.4ms)[0m  [1m[35mCREATE TABLE "genre_songs" ("id" bigserial primary key, "genre_id" integer, "song_id" integer)[0m
  [1m[35mSQL (0.3ms)[0m  [1m[32mINSERT INTO "schema_migrations" ("version") VALUES ($1) RETURNING "version"[0m  [["version", "20180719075253"]]
  [1m[35m (0.5ms)[0m  [1m[35mCOMMIT[0m
  [1m[36mActiveRecord::InternalMetadata Load (0.4ms)[0m  [1m[34mSELECT  "ar_internal_metadata".* FROM "ar_internal_metadata" WHERE "ar_internal_metadata"."key" = $1 LIMIT $2[0m  [["key", "environment"], ["LIMIT", 1]]
  [1m[35m (0.1ms)[0m  [1m[35mBEGIN[0m
  [1m[35m (0.2ms)[0m  [1m[35mCOMMIT[0m
  [1m[35m (0.2ms)[0m  [1m[34mSELECT pg_advisory_unlock(314210034044227020)[0m
  [1m[35m (0.2ms)[0m  [1m[34mSELECT "schema_migrations"."version" FROM "schema_migrations" ORDER BY "schema_migrations"."version" ASC[0m
  [1m[35m (0.6ms)[0m  [1m[34mSELECT "schema_migrations"."version" FROM "schema_migrations" ORDER BY "schema_migrations"."version" ASC[0m
  [1m[35m (0.3ms)[0m  [1m[34mSELECT "ar_internal_metadata"."value" FROM "ar_internal_metadata" WHERE "ar_internal_metadata"."key" = $1[0m  [["key", "environment"]]
  [1m[35m (0.2ms)[0m  [1m[34mSELECT "schema_migrations"."version" FROM "schema_migrations" ORDER BY "schema_migrations"."version" ASC[0m
  [1m[35m (0.2ms)[0m  [1m[34mSELECT "ar_internal_metadata"."value" FROM "ar_internal_metadata" WHERE "ar_internal_metadata"."key" = $1[0m  [["key", "environment"]]
  [1m[35m (0.2ms)[0m  [1m[34mSELECT "schema_migrations"."version" FROM "schema_migrations" ORDER BY "schema_migrations"."version" ASC[0m
  [1m[35m (0.2ms)[0m  [1m[34mSELECT "ar_internal_metadata"."value" FROM "ar_internal_metadata" WHERE "ar_internal_metadata"."key" = $1[0m  [["key", "environment"]]
  [1m[35m (139.2ms)[0m  [1m[35mDROP DATABASE IF EXISTS "ga_playground_db"[0m
  [1m[35m (143.0ms)[0m  [1m[35mDROP DATABASE IF EXISTS "sortify_test"[0m
  [1m[35m (311.7ms)[0m  [1m[35mCREATE DATABASE "ga_playground_db" ENCODING = 'unicode'[0m
  [1m[35m (300.5ms)[0m  [1m[35mCREATE DATABASE "sortify_test" ENCODING = 'unicode'[0m
  [1m[35mSQL (0.5ms)[0m  [1m[35mCREATE EXTENSION IF NOT EXISTS "plpgsql"[0m
  [1m[35m (0.2ms)[0m  [1m[35mDROP TABLE IF EXISTS "genre_songs" CASCADE[0m
  [1m[35m (4.7ms)[0m  [1m[35mCREATE TABLE "genre_songs" ("id" bigserial primary key, "genre_id" integer, "song_id" integer)[0m
  [1m[35m (0.3ms)[0m  [1m[35mDROP TABLE IF EXISTS "genres_tables" CASCADE[0m
  [1m[35m (4.8ms)[0m  [1m[35mCREATE TABLE "genres_tables" ("id" bigserial primary key, "name" character varying, "created_at" timestamp NOT NULL, "updated_at" timestamp NOT NULL)[0m
  [1m[35m (0.3ms)[0m  [1m[35mDROP TABLE IF EXISTS "songs_tables" CASCADE[0m
  [1m[35m (3.6ms)[0m  [1m[35mCREATE TABLE "songs_tables" ("id" bigserial primary key, "name" character varying, "created_at" timestamp NOT NULL, "updated_at" timestamp NOT NULL)[0m
  [1m[35m (2.8ms)[0m  [1m[35mCREATE TABLE "schema_migrations" ("version" character varying NOT NULL PRIMARY KEY)[0m
  [1m[35m (0.5ms)[0m  [1m[34mSELECT "schema_migrations"."version" FROM "schema_migrations" ORDER BY "schema_migrations"."version" ASC[0m
  [1m[35m (0.7ms)[0m  [1m[32mINSERT INTO "schema_migrations" (version) VALUES (20180719075253)[0m
  [1m[35m (0.5ms)[0m  [1m[32mINSERT INTO "schema_migrations" (version) VALUES
(20180719075237),
(20180719075230);

[0m
  [1m[35m (2.9ms)[0m  [1m[35mCREATE TABLE "ar_internal_metadata" ("key" character varying NOT NULL PRIMARY KEY, "value" character varying, "created_at" timestamp NOT NULL, "updated_at" timestamp NOT NULL)[0m
  [1m[36mActiveRecord::InternalMetadata Load (0.3ms)[0m  [1m[34mSELECT  "ar_internal_metadata".* FROM "ar_internal_metadata" WHERE "ar_internal_metadata"."key" = $1 LIMIT $2[0m  [["key", "environment"], ["LIMIT", 1]]
  [1m[35m (0.1ms)[0m  [1m[35mBEGIN[0m
  [1m[35mSQL (0.4ms)[0m  [1m[32mINSERT INTO "ar_internal_metadata" ("key", "value", "created_at", "updated_at") VALUES ($1, $2, $3, $4) RETURNING "key"[0m  [["key", "environment"], ["value", "development"], ["created_at", "2018-07-19 08:01:17.655251"], ["updated_at", "2018-07-19 08:01:17.655251"]]
  [1m[35m (0.4ms)[0m  [1m[35mCOMMIT[0m
  [1m[36mActiveRecord::InternalMetadata Load (0.9ms)[0m  [1m[34mSELECT  "ar_internal_metadata".* FROM "ar_internal_metadata" WHERE "ar_internal_metadata"."key" = $1 LIMIT $2[0m  [["key", "environment"], ["LIMIT", 1]]
  [1m[35m (0.2ms)[0m  [1m[35mBEGIN[0m
  [1m[35m (0.1ms)[0m  [1m[35mCOMMIT[0m
  [1m[35mSQL (0.5ms)[0m  [1m[35mCREATE EXTENSION IF NOT EXISTS "plpgsql"[0m
  [1m[35m (0.4ms)[0m  [1m[35mDROP TABLE IF EXISTS "genre_songs" CASCADE[0m
  [1m[35m (6.3ms)[0m  [1m[35mCREATE TABLE "genre_songs" ("id" bigserial primary key, "genre_id" integer, "song_id" integer)[0m
  [1m[35m (1.0ms)[0m  [1m[35mDROP TABLE IF EXISTS "genres_tables" CASCADE[0m
  [1m[35m (6.1ms)[0m  [1m[35mCREATE TABLE "genres_tables" ("id" bigserial primary key, "name" character varying, "created_at" timestamp NOT NULL, "updated_at" timestamp NOT NULL)[0m
  [1m[35m (0.4ms)[0m  [1m[35mDROP TABLE IF EXISTS "songs_tables" CASCADE[0m
  [1m[35m (3.1ms)[0m  [1m[35mCREATE TABLE "songs_tables" ("id" bigserial primary key, "name" character varying, "created_at" timestamp NOT NULL, "updated_at" timestamp NOT NULL)[0m
  [1m[35m (2.8ms)[0m  [1m[35mCREATE TABLE "schema_migrations" ("version" character varying NOT NULL PRIMARY KEY)[0m
  [1m[35m (0.7ms)[0m  [1m[34mSELECT "schema_migrations"."version" FROM "schema_migrations" ORDER BY "schema_migrations"."version" ASC[0m
  [1m[35m (0.8ms)[0m  [1m[32mINSERT INTO "schema_migrations" (version) VALUES (20180719075253)[0m
  [1m[35m (0.5ms)[0m  [1m[32mINSERT INTO "schema_migrations" (version) VALUES
(20180719075237),
(20180719075230);

[0m
  [1m[35m (3.0ms)[0m  [1m[35mCREATE TABLE "ar_internal_metadata" ("key" character varying NOT NULL PRIMARY KEY, "value" character varying, "created_at" timestamp NOT NULL, "updated_at" timestamp NOT NULL)[0m
  [1m[36mActiveRecord::InternalMetadata Load (0.3ms)[0m  [1m[34mSELECT  "ar_internal_metadata".* FROM "ar_internal_metadata" WHERE "ar_internal_metadata"."key" = $1 LIMIT $2[0m  [["key", "environment"], ["LIMIT", 1]]
  [1m[35m (0.1ms)[0m  [1m[35mBEGIN[0m
  [1m[35mSQL (0.4ms)[0m  [1m[32mINSERT INTO "ar_internal_metadata" ("key", "value", "created_at", "updated_at") VALUES ($1, $2, $3, $4) RETURNING "key"[0m  [["key", "environment"], ["value", "development"], ["created_at", "2018-07-19 08:01:17.717789"], ["updated_at", "2018-07-19 08:01:17.717789"]]
  [1m[35m (0.5ms)[0m  [1m[35mCOMMIT[0m
  [1m[36mActiveRecord::InternalMetadata Load (0.3ms)[0m  [1m[34mSELECT  "ar_internal_metadata".* FROM "ar_internal_metadata" WHERE "ar_internal_metadata"."key" = $1 LIMIT $2[0m  [["key", "environment"], ["LIMIT", 1]]
  [1m[35m (0.2ms)[0m  [1m[35mBEGIN[0m
  [1m[35mSQL (0.4ms)[0m  [1m[33mUPDATE "ar_internal_metadata" SET "value" = $1, "updated_at" = $2 WHERE "ar_internal_metadata"."key" = $3[0m  [["value", "test"], ["updated_at", "2018-07-19 08:01:17.722757"], ["key", "environment"]]
  [1m[35m (0.4ms)[0m  [1m[35mCOMMIT[0m
  [1m[35m (0.8ms)[0m  [1m[34mSELECT "schema_migrations"."version" FROM "schema_migrations" ORDER BY "schema_migrations"."version" ASC[0m
  [1m[35m (1.2ms)[0m  [1m[34mSELECT "schema_migrations"."version" FROM "schema_migrations" ORDER BY "schema_migrations"."version" ASC[0m
  [1m[35m (0.3ms)[0m  [1m[34mSELECT "ar_internal_metadata"."value" FROM "ar_internal_metadata" WHERE "ar_internal_metadata"."key" = $1[0m  [["key", "environment"]]
  [1m[35m (0.2ms)[0m  [1m[34mSELECT "schema_migrations"."version" FROM "schema_migrations" ORDER BY "schema_migrations"."version" ASC[0m
  [1m[35m (0.1ms)[0m  [1m[34mSELECT "ar_internal_metadata"."value" FROM "ar_internal_metadata" WHERE "ar_internal_metadata"."key" = $1[0m  [["key", "environment"]]
  [1m[35m (0.2ms)[0m  [1m[34mSELECT "schema_migrations"."version" FROM "schema_migrations" ORDER BY "schema_migrations"."version" ASC[0m
  [1m[35m (0.2ms)[0m  [1m[34mSELECT "ar_internal_metadata"."value" FROM "ar_internal_metadata" WHERE "ar_internal_metadata"."key" = $1[0m  [["key", "environment"]]
  [1m[35m (141.6ms)[0m  [1m[35mDROP DATABASE IF EXISTS "ga_playground_db"[0m
  [1m[35m (140.3ms)[0m  [1m[35mDROP DATABASE IF EXISTS "sortify_test"[0m
  [1m[35m (527.1ms)[0m  [1m[35mCREATE DATABASE "ga_playground_db" ENCODING = 'unicode'[0m
  [1m[35m (338.1ms)[0m  [1m[35mCREATE DATABASE "sortify_test" ENCODING = 'unicode'[0m
  [1m[35mSQL (0.8ms)[0m  [1m[35mCREATE EXTENSION IF NOT EXISTS "plpgsql"[0m
  [1m[35m (0.4ms)[0m  [1m[35mDROP TABLE IF EXISTS "genre_songs" CASCADE[0m
  [1m[35m (9.0ms)[0m  [1m[35mCREATE TABLE "genre_songs" ("id" bigserial primary key, "genre_id" integer, "song_id" integer)[0m
  [1m[35m (0.3ms)[0m  [1m[35mDROP TABLE IF EXISTS "genres_tables" CASCADE[0m
  [1m[35m (6.6ms)[0m  [1m[35mCREATE TABLE "genres_tables" ("id" bigserial primary key, "name" character varying, "created_at" timestamp NOT NULL, "updated_at" timestamp NOT NULL)[0m
  [1m[35m (0.3ms)[0m  [1m[35mDROP TABLE IF EXISTS "songs_tables" CASCADE[0m
  [1m[35m (3.4ms)[0m  [1m[35mCREATE TABLE "songs_tables" ("id" bigserial primary key, "name" character varying, "created_at" timestamp NOT NULL, "updated_at" timestamp NOT NULL)[0m
  [1m[35m (3.4ms)[0m  [1m[35mCREATE TABLE "schema_migrations" ("version" character varying NOT NULL PRIMARY KEY)[0m
  [1m[35m (0.5ms)[0m  [1m[34mSELECT "schema_migrations"."version" FROM "schema_migrations" ORDER BY "schema_migrations"."version" ASC[0m
  [1m[35m (0.7ms)[0m  [1m[32mINSERT INTO "schema_migrations" (version) VALUES (20180719075253)[0m
  [1m[35m (0.7ms)[0m  [1m[32mINSERT INTO "schema_migrations" (version) VALUES
(20180719075237),
(20180719075230);

[0m
  [1m[35m (3.0ms)[0m  [1m[35mCREATE TABLE "ar_internal_metadata" ("key" character varying NOT NULL PRIMARY KEY, "value" character varying, "created_at" timestamp NOT NULL, "updated_at" timestamp NOT NULL)[0m
  [1m[36mActiveRecord::InternalMetadata Load (0.3ms)[0m  [1m[34mSELECT  "ar_internal_metadata".* FROM "ar_internal_metadata" WHERE "ar_internal_metadata"."key" = $1 LIMIT $2[0m  [["key", "environment"], ["LIMIT", 1]]
  [1m[35m (0.2ms)[0m  [1m[35mBEGIN[0m
  [1m[35mSQL (0.4ms)[0m  [1m[32mINSERT INTO "ar_internal_metadata" ("key", "value", "created_at", "updated_at") VALUES ($1, $2, $3, $4) RETURNING "key"[0m  [["key", "environment"], ["value", "development"], ["created_at", "2018-07-19 08:02:34.496157"], ["updated_at", "2018-07-19 08:02:34.496157"]]
  [1m[35m (0.4ms)[0m  [1m[35mCOMMIT[0m
  [1m[36mActiveRecord::InternalMetadata Load (0.2ms)[0m  [1m[34mSELECT  "ar_internal_metadata".* FROM "ar_internal_metadata" WHERE "ar_internal_metadata"."key" = $1 LIMIT $2[0m  [["key", "environment"], ["LIMIT", 1]]
  [1m[35m (0.4ms)[0m  [1m[35mBEGIN[0m
  [1m[35m (0.3ms)[0m  [1m[35mCOMMIT[0m
  [1m[35mSQL (0.4ms)[0m  [1m[35mCREATE EXTENSION IF NOT EXISTS "plpgsql"[0m
  [1m[35m (0.3ms)[0m  [1m[35mDROP TABLE IF EXISTS "genre_songs" CASCADE[0m
  [1m[35m (22.7ms)[0m  [1m[35mCREATE TABLE "genre_songs" ("id" bigserial primary key, "genre_id" integer, "song_id" integer)[0m
  [1m[35m (0.3ms)[0m  [1m[35mDROP TABLE IF EXISTS "genres_tables" CASCADE[0m
  [1m[35m (6.1ms)[0m  [1m[35mCREATE TABLE "genres_tables" ("id" bigserial primary key, "name" character varying, "created_at" timestamp NOT NULL, "updated_at" timestamp NOT NULL)[0m
  [1m[35m (0.4ms)[0m  [1m[35mDROP TABLE IF EXISTS "songs_tables" CASCADE[0m
  [1m[35m (3.9ms)[0m  [1m[35mCREATE TABLE "songs_tables" ("id" bigserial primary key, "name" character varying, "created_at" timestamp NOT NULL, "updated_at" timestamp NOT NULL)[0m
  [1m[35m (2.5ms)[0m  [1m[35mCREATE TABLE "schema_migrations" ("version" character varying NOT NULL PRIMARY KEY)[0m
  [1m[35m (0.5ms)[0m  [1m[34mSELECT "schema_migrations"."version" FROM "schema_migrations" ORDER BY "schema_migrations"."version" ASC[0m
  [1m[35m (0.6ms)[0m  [1m[32mINSERT INTO "schema_migrations" (version) VALUES (20180719075253)[0m
  [1m[35m (0.4ms)[0m  [1m[32mINSERT INTO "schema_migrations" (version) VALUES
(20180719075237),
(20180719075230);

[0m
  [1m[35m (3.4ms)[0m  [1m[35mCREATE TABLE "ar_internal_metadata" ("key" character varying NOT NULL PRIMARY KEY, "value" character varying, "created_at" timestamp NOT NULL, "updated_at" timestamp NOT NULL)[0m
  [1m[36mActiveRecord::InternalMetadata Load (0.3ms)[0m  [1m[34mSELECT  "ar_internal_metadata".* FROM "ar_internal_metadata" WHERE "ar_internal_metadata"."key" = $1 LIMIT $2[0m  [["key", "environment"], ["LIMIT", 1]]
  [1m[35m (0.1ms)[0m  [1m[35mBEGIN[0m
  [1m[35mSQL (0.4ms)[0m  [1m[32mINSERT INTO "ar_internal_metadata" ("key", "value", "created_at", "updated_at") VALUES ($1, $2, $3, $4) RETURNING "key"[0m  [["key", "environment"], ["value", "development"], ["created_at", "2018-07-19 08:02:34.573589"], ["updated_at", "2018-07-19 08:02:34.573589"]]
  [1m[35m (0.4ms)[0m  [1m[35mCOMMIT[0m
  [1m[36mActiveRecord::InternalMetadata Load (0.2ms)[0m  [1m[34mSELECT  "ar_internal_metadata".* FROM "ar_internal_metadata" WHERE "ar_internal_metadata"."key" = $1 LIMIT $2[0m  [["key", "environment"], ["LIMIT", 1]]
  [1m[35m (0.1ms)[0m  [1m[35mBEGIN[0m
  [1m[35mSQL (0.3ms)[0m  [1m[33mUPDATE "ar_internal_metadata" SET "value" = $1, "updated_at" = $2 WHERE "ar_internal_metadata"."key" = $3[0m  [["value", "test"], ["updated_at", "2018-07-19 08:02:34.576868"], ["key", "environment"]]
  [1m[35m (0.3ms)[0m  [1m[35mCOMMIT[0m
  [1m[35m (0.7ms)[0m  [1m[34mSELECT "schema_migrations"."version" FROM "schema_migrations" ORDER BY "schema_migrations"."version" ASC[0m
  [1m[35m (0.5ms)[0m  [1m[34mSELECT "schema_migrations"."version" FROM "schema_migrations" ORDER BY "schema_migrations"."version" ASC[0m
  [1m[35m (0.1ms)[0m  [1m[34mSELECT pg_try_advisory_lock(314210034044227020)[0m
  [1m[35m (0.2ms)[0m  [1m[34mSELECT "schema_migrations"."version" FROM "schema_migrations" ORDER BY "schema_migrations"."version" ASC[0m
Migrating to CreateGenreSongs (20180719075253)
  [1m[35m (0.9ms)[0m  [1m[35mBEGIN[0m
  [1m[35m (2.9ms)[0m  [1m[35mDROP TABLE "genre_songs"[0m
  [1m[35mSQL (0.8ms)[0m  [1m[31mDELETE FROM "schema_migrations" WHERE "schema_migrations"."version" = $1[0m  [["version", "20180719075253"]]
  [1m[35m (2.5ms)[0m  [1m[35mCOMMIT[0m
  [1m[35m (0.4ms)[0m  [1m[34mSELECT pg_advisory_unlock(314210034044227020)[0m
  [1m[35m (0.3ms)[0m  [1m[34mSELECT "schema_migrations"."version" FROM "schema_migrations" ORDER BY "schema_migrations"."version" ASC[0m
  [1m[35m (0.5ms)[0m  [1m[34mSELECT "schema_migrations"."version" FROM "schema_migrations" ORDER BY "schema_migrations"."version" ASC[0m
  [1m[35m (0.1ms)[0m  [1m[34mSELECT pg_try_advisory_lock(314210034044227020)[0m
  [1m[35m (0.2ms)[0m  [1m[34mSELECT "schema_migrations"."version" FROM "schema_migrations" ORDER BY "schema_migrations"."version" ASC[0m
Migrating to CreateGenres (20180719075237)
  [1m[35m (0.2ms)[0m  [1m[35mBEGIN[0m
  [1m[35m (0.9ms)[0m  [1m[35mDROP TABLE "genres"[0m
  [1m[35m (0.1ms)[0m  [1m[31mROLLBACK[0m
  [1m[35m (0.2ms)[0m  [1m[34mSELECT pg_advisory_unlock(314210034044227020)[0m
  [1m[35m (0.2ms)[0m  [1m[34mSELECT pg_try_advisory_lock(314210034044227020)[0m
  [1m[35m (0.6ms)[0m  [1m[34mSELECT "schema_migrations"."version" FROM "schema_migrations" ORDER BY "schema_migrations"."version" ASC[0m
Migrating to CreateGenreSongs (20180719075253)
  [1m[35m (0.1ms)[0m  [1m[35mBEGIN[0m
  [1m[35m (4.1ms)[0m  [1m[35mCREATE TABLE "genre_songs" ("id" bigserial primary key, "genre_id" integer, "song_id" integer)[0m
  [1m[35mSQL (0.3ms)[0m  [1m[32mINSERT INTO "schema_migrations" ("version") VALUES ($1) RETURNING "version"[0m  [["version", "20180719075253"]]
  [1m[35m (0.5ms)[0m  [1m[35mCOMMIT[0m
  [1m[36mActiveRecord::InternalMetadata Load (0.2ms)[0m  [1m[34mSELECT  "ar_internal_metadata".* FROM "ar_internal_metadata" WHERE "ar_internal_metadata"."key" = $1 LIMIT $2[0m  [["key", "environment"], ["LIMIT", 1]]
  [1m[35m (0.1ms)[0m  [1m[35mBEGIN[0m
  [1m[35m (0.1ms)[0m  [1m[35mCOMMIT[0m
  [1m[35m (0.2ms)[0m  [1m[34mSELECT pg_advisory_unlock(314210034044227020)[0m
  [1m[35m (0.2ms)[0m  [1m[34mSELECT "schema_migrations"."version" FROM "schema_migrations" ORDER BY "schema_migrations"."version" ASC[0m
  [1m[35m (0.2ms)[0m  [1m[34mSELECT pg_try_advisory_lock(314210034044227020)[0m
  [1m[35m (0.5ms)[0m  [1m[34mSELECT "schema_migrations"."version" FROM "schema_migrations" ORDER BY "schema_migrations"."version" ASC[0m
  [1m[36mActiveRecord::InternalMetadata Load (0.3ms)[0m  [1m[34mSELECT  "ar_internal_metadata".* FROM "ar_internal_metadata" WHERE "ar_internal_metadata"."key" = $1 LIMIT $2[0m  [["key", "environment"], ["LIMIT", 1]]
  [1m[35m (0.2ms)[0m  [1m[35mBEGIN[0m
  [1m[35m (0.1ms)[0m  [1m[35mCOMMIT[0m
  [1m[35m (0.2ms)[0m  [1m[34mSELECT pg_advisory_unlock(314210034044227020)[0m
  [1m[35m (0.2ms)[0m  [1m[34mSELECT "schema_migrations"."version" FROM "schema_migrations" ORDER BY "schema_migrations"."version" ASC[0m
  [1m[35m (0.5ms)[0m  [1m[34mSELECT "schema_migrations"."version" FROM "schema_migrations" ORDER BY "schema_migrations"."version" ASC[0m
  [1m[35m (0.3ms)[0m  [1m[34mSELECT "ar_internal_metadata"."value" FROM "ar_internal_metadata" WHERE "ar_internal_metadata"."key" = $1[0m  [["key", "environment"]]
  [1m[35m (0.2ms)[0m  [1m[34mSELECT "schema_migrations"."version" FROM "schema_migrations" ORDER BY "schema_migrations"."version" ASC[0m
  [1m[35m (0.2ms)[0m  [1m[34mSELECT "ar_internal_metadata"."value" FROM "ar_internal_metadata" WHERE "ar_internal_metadata"."key" = $1[0m  [["key", "environment"]]
  [1m[35m (0.2ms)[0m  [1m[34mSELECT "schema_migrations"."version" FROM "schema_migrations" ORDER BY "schema_migrations"."version" ASC[0m
  [1m[35m (0.2ms)[0m  [1m[34mSELECT "ar_internal_metadata"."value" FROM "ar_internal_metadata" WHERE "ar_internal_metadata"."key" = $1[0m  [["key", "environment"]]
  [1m[35m (139.1ms)[0m  [1m[35mDROP DATABASE IF EXISTS "ga_playground_db"[0m
  [1m[35m (138.0ms)[0m  [1m[35mDROP DATABASE IF EXISTS "sortify_test"[0m
  [1m[35m (7.4ms)[0m  [1m[35mCREATE TABLE "schema_migrations" ("version" character varying NOT NULL PRIMARY KEY)[0m
  [1m[35m (3.1ms)[0m  [1m[35mCREATE TABLE "ar_internal_metadata" ("key" character varying NOT NULL PRIMARY KEY, "value" character varying, "created_at" timestamp NOT NULL, "updated_at" timestamp NOT NULL)[0m
  [1m[35m (0.2ms)[0m  [1m[34mSELECT pg_try_advisory_lock(314210034044227020)[0m
  [1m[35m (0.4ms)[0m  [1m[34mSELECT "schema_migrations"."version" FROM "schema_migrations" ORDER BY "schema_migrations"."version" ASC[0m
Migrating to CreateSongs (20180719080443)
  [1m[35m (0.2ms)[0m  [1m[35mBEGIN[0m
  [1m[35m (3.3ms)[0m  [1m[35mCREATE TABLE "songs" ("id" bigserial primary key, "name" character varying)[0m
  [1m[35mSQL (0.4ms)[0m  [1m[32mINSERT INTO "schema_migrations" ("version") VALUES ($1) RETURNING "version"[0m  [["version", "20180719080443"]]
  [1m[35m (0.4ms)[0m  [1m[35mCOMMIT[0m
Migrating to CreateGenres (20180719080456)
  [1m[35m (0.3ms)[0m  [1m[35mBEGIN[0m
  [1m[35m (2.5ms)[0m  [1m[35mCREATE TABLE "genres" ("id" bigserial primary key, "name" character varying)[0m
  [1m[35mSQL (0.3ms)[0m  [1m[32mINSERT INTO "schema_migrations" ("version") VALUES ($1) RETURNING "version"[0m  [["version", "20180719080456"]]
  [1m[35m (0.4ms)[0m  [1m[35mCOMMIT[0m
Migrating to CreateGenreSongs (20180719080501)
  [1m[35m (0.3ms)[0m  [1m[35mBEGIN[0m
  [1m[35m (1.6ms)[0m  [1m[35mCREATE TABLE "genre_songs" ("id" bigserial primary key, "song_id" integer, "genre_id" integer)[0m
  [1m[35mSQL (0.2ms)[0m  [1m[32mINSERT INTO "schema_migrations" ("version") VALUES ($1) RETURNING "version"[0m  [["version", "20180719080501"]]
  [1m[35m (0.4ms)[0m  [1m[35mCOMMIT[0m
  [1m[36mActiveRecord::InternalMetadata Load (0.2ms)[0m  [1m[34mSELECT  "ar_internal_metadata".* FROM "ar_internal_metadata" WHERE "ar_internal_metadata"."key" = $1 LIMIT $2[0m  [["key", "environment"], ["LIMIT", 1]]
  [1m[35m (0.2ms)[0m  [1m[35mBEGIN[0m
  [1m[35mSQL (0.5ms)[0m  [1m[32mINSERT INTO "ar_internal_metadata" ("key", "value", "created_at", "updated_at") VALUES ($1, $2, $3, $4) RETURNING "key"[0m  [["key", "environment"], ["value", "development"], ["created_at", "2018-07-19 08:05:59.233853"], ["updated_at", "2018-07-19 08:05:59.233853"]]
  [1m[35m (0.4ms)[0m  [1m[35mCOMMIT[0m
  [1m[35m (0.2ms)[0m  [1m[34mSELECT pg_advisory_unlock(314210034044227020)[0m
  [1m[35m (0.2ms)[0m  [1m[34mSELECT "schema_migrations"."version" FROM "schema_migrations" ORDER BY "schema_migrations"."version" ASC[0m
  [1m[35m (0.1ms)[0m  [1m[35mBEGIN[0m
  [1m[35mSQL (0.8ms)[0m  [1m[32mINSERT INTO "songs" ("name") VALUES ($1) RETURNING "id"[0m  [["name", "happy birthday"]]
  [1m[35m (1.0ms)[0m  [1m[35mCOMMIT[0m
  [1m[36mSong Load (0.5ms)[0m  [1m[34mSELECT  "songs".* FROM "songs" LIMIT $1[0m  [["LIMIT", 11]]
Started GET "/" for 127.0.0.1 at 2018-07-19 16:06:43 +0800
  [1m[35m (1.1ms)[0m  [1m[34mSELECT "schema_migrations"."version" FROM "schema_migrations" ORDER BY "schema_migrations"."version" ASC[0m
  
LoadError (Unable to autoload constant GenresController, expected /Users/angkiki/Desktop/angkiki/ga/unit_3/sortify-rails/app/controllers/genres_controller.rb to define it):
  
activesupport (5.1.6) lib/active_support/dependencies.rb:512:in `load_missing_constant'
activesupport (5.1.6) lib/active_support/dependencies.rb:202:in `const_missing'
activesupport (5.1.6) lib/active_support/inflector/methods.rb:269:in `const_get'
activesupport (5.1.6) lib/active_support/inflector/methods.rb:269:in `block in constantize'
activesupport (5.1.6) lib/active_support/inflector/methods.rb:267:in `each'
activesupport (5.1.6) lib/active_support/inflector/methods.rb:267:in `inject'
activesupport (5.1.6) lib/active_support/inflector/methods.rb:267:in `constantize'
activesupport (5.1.6) lib/active_support/dependencies.rb:583:in `get'
activesupport (5.1.6) lib/active_support/dependencies.rb:614:in `constantize'
actionpack (5.1.6) lib/action_dispatch/http/request.rb:85:in `controller_class_for'
actionpack (5.1.6) lib/action_dispatch/http/parameters.rb:99:in `binary_params_for?'
actionpack (5.1.6) lib/action_dispatch/http/parameters.rb:90:in `set_binary_encoding'
actionpack (5.1.6) lib/action_dispatch/http/parameters.rb:67:in `path_parameters='
actionpack (5.1.6) lib/action_dispatch/journey/router.rb:48:in `block in serve'
actionpack (5.1.6) lib/action_dispatch/journey/router.rb:33:in `each'
actionpack (5.1.6) lib/action_dispatch/journey/router.rb:33:in `serve'
actionpack (5.1.6) lib/action_dispatch/routing/route_set.rb:844:in `call'
rack (2.0.5) lib/rack/etag.rb:25:in `call'
rack (2.0.5) lib/rack/conditional_get.rb:25:in `call'
rack (2.0.5) lib/rack/head.rb:12:in `call'
rack (2.0.5) lib/rack/session/abstract/id.rb:232:in `context'
rack (2.0.5) lib/rack/session/abstract/id.rb:226:in `call'
actionpack (5.1.6) lib/action_dispatch/middleware/cookies.rb:613:in `call'
activerecord (5.1.6) lib/active_record/migration.rb:556:in `call'
actionpack (5.1.6) lib/action_dispatch/middleware/callbacks.rb:26:in `block in call'
activesupport (5.1.6) lib/active_support/callbacks.rb:97:in `run_callbacks'
actionpack (5.1.6) lib/action_dispatch/middleware/callbacks.rb:24:in `call'
actionpack (5.1.6) lib/action_dispatch/middleware/executor.rb:12:in `call'
actionpack (5.1.6) lib/action_dispatch/middleware/debug_exceptions.rb:59:in `call'
web-console (3.6.2) lib/web_console/middleware.rb:135:in `call_app'
web-console (3.6.2) lib/web_console/middleware.rb:30:in `block in call'
web-console (3.6.2) lib/web_console/middleware.rb:20:in `catch'
web-console (3.6.2) lib/web_console/middleware.rb:20:in `call'
actionpack (5.1.6) lib/action_dispatch/middleware/show_exceptions.rb:31:in `call'
railties (5.1.6) lib/rails/rack/logger.rb:36:in `call_app'
railties (5.1.6) lib/rails/rack/logger.rb:24:in `block in call'
activesupport (5.1.6) lib/active_support/tagged_logging.rb:69:in `block in tagged'
activesupport (5.1.6) lib/active_support/tagged_logging.rb:26:in `tagged'
activesupport (5.1.6) lib/active_support/tagged_logging.rb:69:in `tagged'
railties (5.1.6) lib/rails/rack/logger.rb:24:in `call'
sprockets-rails (3.2.1) lib/sprockets/rails/quiet_assets.rb:13:in `call'
actionpack (5.1.6) lib/action_dispatch/middleware/remote_ip.rb:79:in `call'
actionpack (5.1.6) lib/action_dispatch/middleware/request_id.rb:25:in `call'
rack (2.0.5) lib/rack/method_override.rb:22:in `call'
rack (2.0.5) lib/rack/runtime.rb:22:in `call'
activesupport (5.1.6) lib/active_support/cache/strategy/local_cache_middleware.rb:27:in `call'
actionpack (5.1.6) lib/action_dispatch/middleware/executor.rb:12:in `call'
actionpack (5.1.6) lib/action_dispatch/middleware/static.rb:125:in `call'
rack (2.0.5) lib/rack/sendfile.rb:111:in `call'
railties (5.1.6) lib/rails/engine.rb:522:in `call'
puma (3.12.0) lib/puma/configuration.rb:225:in `call'
puma (3.12.0) lib/puma/server.rb:658:in `handle_request'
puma (3.12.0) lib/puma/server.rb:472:in `process_client'
puma (3.12.0) lib/puma/server.rb:332:in `block in run'
puma (3.12.0) lib/puma/thread_pool.rb:133:in `block in spawn_thread'
Started GET "/" for 127.0.0.1 at 2018-07-19 16:07:08 +0800
Processing by GenresController#index as HTML
  Rendering genres/index.html.erb within layouts/application
  [1m[36mGenre Load (0.7ms)[0m  [1m[34mSELECT "genres".* FROM "genres"[0m
  Rendered genres/index.html.erb within layouts/application (4.9ms)
Completed 200 OK in 352ms (Views: 315.7ms | ActiveRecord: 2.8ms)


Started GET "/genres/new" for 127.0.0.1 at 2018-07-19 16:07:23 +0800
Processing by GenresController#new as HTML
  Rendering genres/new.html.erb within layouts/application
  Rendered genres/new.html.erb within layouts/application (13.2ms)
Completed 500 Internal Server Error in 45ms (ActiveRecord: 8.6ms)


  
ActionView::Template::Error (undefined method `merge' for :name:Symbol):
    1: <%= form_with model: @genre, local: true do |f| %>
    2:   <%= f.text_field :name %>
    3:   <%= f.collection_check_boxes :genre, :song_ids, @songs, :id, :name  %>
    4:   <%= f.submit %>
    5: <% end %>
  
app/views/genres/new.html.erb:3:in `block in _app_views_genres_new_html_erb___4205336353187047093_70212027363540'
app/views/genres/new.html.erb:1:in `_app_views_genres_new_html_erb___4205336353187047093_70212027363540'
Started GET "/genres/new" for 127.0.0.1 at 2018-07-19 16:08:52 +0800
Processing by GenresController#new as HTML
  Rendering genres/new.html.erb within layouts/application
  Rendered genres/new.html.erb within layouts/application (8.0ms)
Completed 500 Internal Server Error in 20ms (ActiveRecord: 0.0ms)


  
ActionView::Template::Error (undefined method `map' for :song_ids:Symbol
Did you mean?  tap):
    1: <%= form_with model: @genre, local: true do |f| %>
    2:   <%= f.text_field :name %>
    3:   <%= f.collection_check_boxes :genre, :song_ids, @songs, :id  %>
    4:   <%= f.submit %>
    5: <% end %>
  
app/views/genres/new.html.erb:3:in `block in _app_views_genres_new_html_erb___4205336353187047093_70212022313180'
app/views/genres/new.html.erb:1:in `_app_views_genres_new_html_erb___4205336353187047093_70212022313180'
  [1m[35m (1.3ms)[0m  [1m[34mSELECT "schema_migrations"."version" FROM "schema_migrations" ORDER BY "schema_migrations"."version" ASC[0m
  [1m[35m (0.1ms)[0m  [1m[34mSELECT pg_try_advisory_lock(314210034044227020)[0m
  [1m[35m (0.2ms)[0m  [1m[34mSELECT "schema_migrations"."version" FROM "schema_migrations" ORDER BY "schema_migrations"."version" ASC[0m
Migrating to CreateGenreSongs (20180719080501)
  [1m[35m (0.2ms)[0m  [1m[35mBEGIN[0m
  [1m[35m (4.8ms)[0m  [1m[35mDROP TABLE "genre_songs"[0m
  [1m[35mSQL (0.4ms)[0m  [1m[31mDELETE FROM "schema_migrations" WHERE "schema_migrations"."version" = $1[0m  [["version", "20180719080501"]]
  [1m[35m (3.4ms)[0m  [1m[35mCOMMIT[0m
  [1m[35m (0.2ms)[0m  [1m[34mSELECT pg_advisory_unlock(314210034044227020)[0m
  [1m[35m (0.2ms)[0m  [1m[34mSELECT "schema_migrations"."version" FROM "schema_migrations" ORDER BY "schema_migrations"."version" ASC[0m
  [1m[35m (0.2ms)[0m  [1m[34mSELECT pg_try_advisory_lock(314210034044227020)[0m
  [1m[35m (0.6ms)[0m  [1m[34mSELECT "schema_migrations"."version" FROM "schema_migrations" ORDER BY "schema_migrations"."version" ASC[0m
Migrating to CreateGenresSongs (20180719081007)
  [1m[35m (0.2ms)[0m  [1m[35mBEGIN[0m
  [1m[35m (3.3ms)[0m  [1m[35mCREATE TABLE "genres_songs" ("id" bigserial primary key, "song_id" integer, "genre_id" integer)[0m
  [1m[35mSQL (0.4ms)[0m  [1m[32mINSERT INTO "schema_migrations" ("version") VALUES ($1) RETURNING "version"[0m  [["version", "20180719081007"]]
  [1m[35m (1.4ms)[0m  [1m[35mCOMMIT[0m
  [1m[36mActiveRecord::InternalMetadata Load (0.3ms)[0m  [1m[34mSELECT  "ar_internal_metadata".* FROM "ar_internal_metadata" WHERE "ar_internal_metadata"."key" = $1 LIMIT $2[0m  [["key", "environment"], ["LIMIT", 1]]
  [1m[35m (0.1ms)[0m  [1m[35mBEGIN[0m
  [1m[35m (0.1ms)[0m  [1m[35mCOMMIT[0m
  [1m[35m (0.2ms)[0m  [1m[34mSELECT pg_advisory_unlock(314210034044227020)[0m
  [1m[35m (0.2ms)[0m  [1m[34mSELECT "schema_migrations"."version" FROM "schema_migrations" ORDER BY "schema_migrations"."version" ASC[0m
Started GET "/genres/new" for 127.0.0.1 at 2018-07-19 16:10:43 +0800
  [1m[35m (0.8ms)[0m  [1m[34mSELECT "schema_migrations"."version" FROM "schema_migrations" ORDER BY "schema_migrations"."version" ASC[0m
Processing by GenresController#new as HTML
  Rendering genres/new.html.erb within layouts/application
  Rendered genres/new.html.erb within layouts/application (15.3ms)
Completed 500 Internal Server Error in 70ms (ActiveRecord: 4.2ms)


  
ActionView::Template::Error (undefined method `map' for :song_ids:Symbol
Did you mean?  tap):
    1: <%= form_with model: @genre, local: true do |f| %>
    2:   <%= f.text_field :name %>
    3:   <%= f.collection_check_boxes :genre, :song_ids, @songs, :id  %>
    4:   <%= f.submit %>
    5: <% end %>
  
app/views/genres/new.html.erb:3:in `block in _app_views_genres_new_html_erb__1130080262028817613_70292777866540'
app/views/genres/new.html.erb:1:in `_app_views_genres_new_html_erb__1130080262028817613_70292777866540'
Started GET "/genres/new" for 127.0.0.1 at 2018-07-19 16:10:54 +0800
Processing by GenresController#new as HTML
  Rendering genres/new.html.erb within layouts/application
  Rendered genres/new.html.erb within layouts/application (5.1ms)
Completed 500 Internal Server Error in 19ms (ActiveRecord: 0.0ms)


  
ActionView::Template::Error (undefined method `merge' for :name:Symbol):
    1: <%= form_with model: @genre, local: true do |f| %>
    2:   <%= f.text_field :name %>
    3:   <%= f.collection_check_boxes :genre, :song_ids, @songs, :id, :name  %>
    4:   <%= f.submit %>
    5: <% end %>
  
app/views/genres/new.html.erb:3:in `block in _app_views_genres_new_html_erb__1130080262028817613_70292751605920'
app/views/genres/new.html.erb:1:in `_app_views_genres_new_html_erb__1130080262028817613_70292751605920'
Started GET "/genres/new" for 127.0.0.1 at 2018-07-19 16:11:28 +0800
Processing by GenresController#new as HTML
  Rendering genres/new.html.erb within layouts/application
  [1m[36mSong Load (0.6ms)[0m  [1m[34mSELECT "songs".* FROM "songs"[0m
  Rendered genres/new.html.erb within layouts/application (177.7ms)
Completed 200 OK in 414ms (Views: 393.2ms | ActiveRecord: 17.7ms)


Started POST "/genres" for 127.0.0.1 at 2018-07-19 16:11:36 +0800
Processing by GenresController#create as HTML
  Parameters: {"utf8"=>"✓", "authenticity_token"=>"pNsem92x0RafgyGYm5HlFFarw2Uc7bpY4UhrC67E2LNYg9ZW10h2Hph8idUmXZOix3avLDs+otg10XgTeOIRog==", "genre"=>{"name"=>"Childrens", "song_ids"=>["", "1"]}, "commit"=>"Create Genre"}
Unpermitted parameter: :song_ids
  [1m[35m (0.2ms)[0m  [1m[35mBEGIN[0m
  [1m[35mSQL (1.5ms)[0m  [1m[32mINSERT INTO "genres" ("name") VALUES ($1) RETURNING "id"[0m  [["name", "Childrens"]]
  [1m[35m (0.4ms)[0m  [1m[35mCOMMIT[0m
Redirected to http://localhost:3000/
Completed 302 Found in 8ms (ActiveRecord: 2.1ms)


Started GET "/" for 127.0.0.1 at 2018-07-19 16:11:37 +0800
Processing by GenresController#index as HTML
  Rendering genres/index.html.erb within layouts/application
  [1m[36mGenre Load (0.3ms)[0m  [1m[34mSELECT "genres".* FROM "genres"[0m
  Rendered genres/index.html.erb within layouts/application (2.2ms)
Completed 200 OK in 24ms (Views: 20.5ms | ActiveRecord: 0.3ms)


Started GET "/genres/1" for 127.0.0.1 at 2018-07-19 16:11:48 +0800
  
AbstractController::ActionNotFound (The action 'show' could not be found for GenresController):
  
actionpack (5.1.6) lib/abstract_controller/base.rb:119:in `process'
actionview (5.1.6) lib/action_view/rendering.rb:30:in `process'
actionpack (5.1.6) lib/action_controller/metal.rb:189:in `dispatch'
actionpack (5.1.6) lib/action_controller/metal.rb:253:in `dispatch'
actionpack (5.1.6) lib/action_dispatch/routing/route_set.rb:49:in `dispatch'
actionpack (5.1.6) lib/action_dispatch/routing/route_set.rb:31:in `serve'
actionpack (5.1.6) lib/action_dispatch/journey/router.rb:50:in `block in serve'
actionpack (5.1.6) lib/action_dispatch/journey/router.rb:33:in `each'
actionpack (5.1.6) lib/action_dispatch/journey/router.rb:33:in `serve'
actionpack (5.1.6) lib/action_dispatch/routing/route_set.rb:844:in `call'
rack (2.0.5) lib/rack/etag.rb:25:in `call'
rack (2.0.5) lib/rack/conditional_get.rb:25:in `call'
rack (2.0.5) lib/rack/head.rb:12:in `call'
rack (2.0.5) lib/rack/session/abstract/id.rb:232:in `context'
rack (2.0.5) lib/rack/session/abstract/id.rb:226:in `call'
actionpack (5.1.6) lib/action_dispatch/middleware/cookies.rb:613:in `call'
activerecord (5.1.6) lib/active_record/migration.rb:556:in `call'
actionpack (5.1.6) lib/action_dispatch/middleware/callbacks.rb:26:in `block in call'
activesupport (5.1.6) lib/active_support/callbacks.rb:97:in `run_callbacks'
actionpack (5.1.6) lib/action_dispatch/middleware/callbacks.rb:24:in `call'
actionpack (5.1.6) lib/action_dispatch/middleware/executor.rb:12:in `call'
actionpack (5.1.6) lib/action_dispatch/middleware/debug_exceptions.rb:59:in `call'
web-console (3.6.2) lib/web_console/middleware.rb:135:in `call_app'
web-console (3.6.2) lib/web_console/middleware.rb:30:in `block in call'
web-console (3.6.2) lib/web_console/middleware.rb:20:in `catch'
web-console (3.6.2) lib/web_console/middleware.rb:20:in `call'
actionpack (5.1.6) lib/action_dispatch/middleware/show_exceptions.rb:31:in `call'
railties (5.1.6) lib/rails/rack/logger.rb:36:in `call_app'
railties (5.1.6) lib/rails/rack/logger.rb:24:in `block in call'
activesupport (5.1.6) lib/active_support/tagged_logging.rb:69:in `block in tagged'
activesupport (5.1.6) lib/active_support/tagged_logging.rb:26:in `tagged'
activesupport (5.1.6) lib/active_support/tagged_logging.rb:69:in `tagged'
railties (5.1.6) lib/rails/rack/logger.rb:24:in `call'
sprockets-rails (3.2.1) lib/sprockets/rails/quiet_assets.rb:13:in `call'
actionpack (5.1.6) lib/action_dispatch/middleware/remote_ip.rb:79:in `call'
actionpack (5.1.6) lib/action_dispatch/middleware/request_id.rb:25:in `call'
rack (2.0.5) lib/rack/method_override.rb:22:in `call'
rack (2.0.5) lib/rack/runtime.rb:22:in `call'
activesupport (5.1.6) lib/active_support/cache/strategy/local_cache_middleware.rb:27:in `call'
actionpack (5.1.6) lib/action_dispatch/middleware/executor.rb:12:in `call'
actionpack (5.1.6) lib/action_dispatch/middleware/static.rb:125:in `call'
rack (2.0.5) lib/rack/sendfile.rb:111:in `call'
railties (5.1.6) lib/rails/engine.rb:522:in `call'
puma (3.12.0) lib/puma/configuration.rb:225:in `call'
puma (3.12.0) lib/puma/server.rb:658:in `handle_request'
puma (3.12.0) lib/puma/server.rb:472:in `process_client'
puma (3.12.0) lib/puma/server.rb:332:in `block in run'
puma (3.12.0) lib/puma/thread_pool.rb:133:in `block in spawn_thread'
Started GET "/genres/1" for 127.0.0.1 at 2018-07-19 16:13:00 +0800
Processing by GenresController#show as HTML
  Parameters: {"id"=>"1"}
  [1m[36mGenre Load (0.5ms)[0m  [1m[34mSELECT  "genres".* FROM "genres" WHERE "genres"."id" = $1 LIMIT $2[0m  [["id", 1], ["LIMIT", 1]]
  Rendering genres/show.html.erb within layouts/application
  [1m[36mSong Load (0.9ms)[0m  [1m[34mSELECT "songs".* FROM "songs" INNER JOIN "genres_songs" ON "songs"."id" = "genres_songs"."song_id" WHERE "genres_songs"."genre_id" = $1[0m  [["genre_id", 1]]
  Rendered genres/show.html.erb within layouts/application (20.4ms)
Completed 200 OK in 90ms (Views: 41.0ms | ActiveRecord: 10.7ms)


  [1m[35m (0.1ms)[0m  [1m[35mBEGIN[0m
  [1m[36mSong Load (0.3ms)[0m  [1m[34mSELECT  "songs".* FROM "songs" ORDER BY "songs"."id" ASC LIMIT $1[0m  [["LIMIT", 1]]
  [1m[36mGenre Load (0.3ms)[0m  [1m[34mSELECT  "genres".* FROM "genres" ORDER BY "genres"."id" ASC LIMIT $1[0m  [["LIMIT", 1]]
  [1m[35m (0.2ms)[0m  [1m[35mSAVEPOINT active_record_1[0m
  [1m[35mSQL (1.0ms)[0m  [1m[32mINSERT INTO "genres_songs" ("song_id", "genre_id") VALUES ($1, $2) RETURNING "id"[0m  [["song_id", 1], ["genre_id", 1]]
  [1m[35m (0.2ms)[0m  [1m[35mRELEASE SAVEPOINT active_record_1[0m
  [1m[36mGenre Load (0.6ms)[0m  [1m[34mSELECT  "genres".* FROM "genres" INNER JOIN "genres_songs" ON "genres"."id" = "genres_songs"."genre_id" WHERE "genres_songs"."song_id" = $1 LIMIT $2[0m  [["song_id", 1], ["LIMIT", 11]]
  [1m[36mGenre Load (0.6ms)[0m  [1m[34mSELECT  "genres".* FROM "genres" INNER JOIN "genres_songs" ON "genres"."id" = "genres_songs"."genre_id" WHERE "genres_songs"."song_id" = $1 LIMIT $2[0m  [["song_id", 1], ["LIMIT", 11]]
  [1m[36mSong Load (0.9ms)[0m  [1m[34mSELECT  "songs".* FROM "songs" INNER JOIN "genres_songs" ON "songs"."id" = "genres_songs"."song_id" WHERE "genres_songs"."genre_id" = $1 LIMIT $2[0m  [["genre_id", 1], ["LIMIT", 11]]
  [1m[35m (0.6ms)[0m  [1m[31mROLLBACK[0m
Started GET "/genres/new" for 127.0.0.1 at 2018-07-19 16:17:42 +0800
  [1m[35m (1.4ms)[0m  [1m[34mSELECT "schema_migrations"."version" FROM "schema_migrations" ORDER BY "schema_migrations"."version" ASC[0m
Processing by GenresController#new as HTML
  Rendering genres/new.html.erb within layouts/application
  [1m[36mSong Load (0.6ms)[0m  [1m[34mSELECT "songs".* FROM "songs"[0m
  Rendered genres/new.html.erb within layouts/application (146.6ms)
Completed 200 OK in 438ms (Views: 388.4ms | ActiveRecord: 8.1ms)


Started POST "/genres" for 127.0.0.1 at 2018-07-19 16:17:47 +0800
Processing by GenresController#create as HTML
  Parameters: {"utf8"=>"✓", "authenticity_token"=>"JUgy+12jqHHamKRBWgIhmmckejv4eW9KNk+8RUJ35oTZEPo2V1oPed1nDAznzlcs9vkWct+qd8ri1q9dlFEvlQ==", "genre"=>{"name"=>"kiddy shit", "song_ids"=>["", "1"]}, "commit"=>"Create Genre"}
  [1m[36mSong Load (1.1ms)[0m  [1m[34mSELECT "songs".* FROM "songs" WHERE "songs"."id" = 1[0m
  [1m[35m (0.2ms)[0m  [1m[35mBEGIN[0m
  [1m[35mSQL (0.6ms)[0m  [1m[32mINSERT INTO "genres" ("name") VALUES ($1) RETURNING "id"[0m  [["name", "kiddy shit"]]
  [1m[35mSQL (0.5ms)[0m  [1m[32mINSERT INTO "genres_songs" ("song_id", "genre_id") VALUES ($1, $2) RETURNING "id"[0m  [["song_id", 1], ["genre_id", 2]]
  [1m[35m (0.6ms)[0m  [1m[35mCOMMIT[0m
Redirected to http://localhost:3000/
Completed 302 Found in 39ms (ActiveRecord: 16.5ms)


Started GET "/" for 127.0.0.1 at 2018-07-19 16:17:47 +0800
Processing by GenresController#index as HTML
  Rendering genres/index.html.erb within layouts/application
  [1m[36mGenre Load (0.3ms)[0m  [1m[34mSELECT "genres".* FROM "genres"[0m
  Rendered genres/index.html.erb within layouts/application (1.6ms)
Completed 200 OK in 20ms (Views: 17.1ms | ActiveRecord: 0.3ms)


Started GET "/genres/2" for 127.0.0.1 at 2018-07-19 16:17:50 +0800
Processing by GenresController#show as HTML
  Parameters: {"id"=>"2"}
  [1m[36mGenre Load (0.2ms)[0m  [1m[34mSELECT  "genres".* FROM "genres" WHERE "genres"."id" = $1 LIMIT $2[0m  [["id", 2], ["LIMIT", 1]]
  Rendering genres/show.html.erb within layouts/application
  [1m[36mSong Load (0.4ms)[0m  [1m[34mSELECT "songs".* FROM "songs" INNER JOIN "genres_songs" ON "songs"."id" = "genres_songs"."song_id" WHERE "genres_songs"."genre_id" = $1[0m  [["genre_id", 2]]
  Rendered genres/show.html.erb within layouts/application (10.9ms)
Completed 200 OK in 43ms (Views: 35.1ms | ActiveRecord: 0.9ms)


Started GET "/genres/2" for 127.0.0.1 at 2018-07-19 17:27:11 +0800
Processing by GenresController#show as HTML
  Parameters: {"id"=>"2"}
  [1m[36mGenre Load (0.7ms)[0m  [1m[34mSELECT  "genres".* FROM "genres" WHERE "genres"."id" = $1 LIMIT $2[0m  [["id", 2], ["LIMIT", 1]]
  Rendering genres/show.html.erb within layouts/application
  [1m[36mSong Load (0.5ms)[0m  [1m[34mSELECT "songs".* FROM "songs" INNER JOIN "genres_songs" ON "songs"."id" = "genres_songs"."song_id" WHERE "genres_songs"."genre_id" = $1[0m  [["genre_id", 2]]
  Rendered genres/show.html.erb within layouts/application (172.6ms)
Completed 500 Internal Server Error in 191ms (ActiveRecord: 1.2ms)


  
ActionView::Template::Error (undefined method `song_path' for #<#<Class:0x007f9c452f98e0>:0x007f9c41c8f548>
Did you mean?  font_path):
    2: 
    3: <ul>
    4:   <% @songs.each do |song| %>
    5:     <li><%= link_to song.name, song_path(song.id) %></li>
    6:   <% end %>
    7: </ul>
  
app/views/genres/show.html.erb:5:in `block in _app_views_genres_show_html_erb___2018003220631981918_70154547658680'
app/views/genres/show.html.erb:4:in `_app_views_genres_show_html_erb___2018003220631981918_70154547658680'
Started GET "/genres/2" for 127.0.0.1 at 2018-07-19 17:27:26 +0800
Processing by GenresController#show as HTML
  Parameters: {"id"=>"2"}
  [1m[36mGenre Load (0.8ms)[0m  [1m[34mSELECT  "genres".* FROM "genres" WHERE "genres"."id" = $1 LIMIT $2[0m  [["id", 2], ["LIMIT", 1]]
  Rendering genres/show.html.erb within layouts/application
  [1m[36mSong Load (0.7ms)[0m  [1m[34mSELECT "songs".* FROM "songs" INNER JOIN "genres_songs" ON "songs"."id" = "genres_songs"."song_id" WHERE "genres_songs"."genre_id" = $1[0m  [["genre_id", 2]]
  Rendered genres/show.html.erb within layouts/application (7.6ms)
Completed 200 OK in 63ms (Views: 33.3ms | ActiveRecord: 1.8ms)


Started GET "/genres/2" for 127.0.0.1 at 2018-07-19 17:36:16 +0800
Processing by GenresController#show as HTML
  Parameters: {"id"=>"2"}
  [1m[36mGenre Load (0.3ms)[0m  [1m[34mSELECT  "genres".* FROM "genres" WHERE "genres"."id" = $1 LIMIT $2[0m  [["id", 2], ["LIMIT", 1]]
  Rendering genres/show.html.erb within layouts/application
  [1m[36mSong Load (0.6ms)[0m  [1m[34mSELECT "songs".* FROM "songs" INNER JOIN "genres_songs" ON "songs"."id" = "genres_songs"."song_id" WHERE "genres_songs"."genre_id" = $1[0m  [["genre_id", 2]]
  Rendered genres/show.html.erb within layouts/application (6.0ms)
Completed 200 OK in 61ms (Views: 27.9ms | ActiveRecord: 0.9ms)


Started GET "/" for 127.0.0.1 at 2018-07-19 17:36:19 +0800
Processing by SongsController#index as HTML
  Rendering songs/index.html.erb within layouts/application
  [1m[36mSong Load (0.3ms)[0m  [1m[34mSELECT "songs".* FROM "songs"[0m
  Rendered songs/index.html.erb within layouts/application (2.4ms)
Completed 200 OK in 26ms (Views: 22.7ms | ActiveRecord: 0.3ms)


Started GET "/songs/1" for 127.0.0.1 at 2018-07-19 17:36:21 +0800
Processing by SongsController#show as HTML
  Parameters: {"id"=>"1"}
  [1m[36mSong Load (0.2ms)[0m  [1m[34mSELECT  "songs".* FROM "songs" WHERE "songs"."id" = $1 LIMIT $2[0m  [["id", 1], ["LIMIT", 1]]
  Rendering songs/show.html.erb within layouts/application
  [1m[36mGenre Load (0.4ms)[0m  [1m[34mSELECT "genres".* FROM "genres" INNER JOIN "genres_songs" ON "genres"."id" = "genres_songs"."genre_id" WHERE "genres_songs"."song_id" = $1[0m  [["song_id", 1]]
  Rendered songs/show.html.erb within layouts/application (10.9ms)
Completed 200 OK in 58ms (Views: 45.6ms | ActiveRecord: 4.4ms)


Started GET "/" for 127.0.0.1 at 2018-07-19 17:36:43 +0800
Processing by SongsController#index as HTML
  Rendering songs/index.html.erb within layouts/application
  [1m[36mSong Load (0.8ms)[0m  [1m[34mSELECT "songs".* FROM "songs"[0m
  Rendered songs/index.html.erb within layouts/application (4.7ms)
Completed 200 OK in 36ms (Views: 29.4ms | ActiveRecord: 0.8ms)


Started GET "/songs/new" for 127.0.0.1 at 2018-07-19 17:36:45 +0800
Processing by SongsController#new as HTML
  Rendering songs/new.html.erb within layouts/application
  [1m[36mGenre Load (0.5ms)[0m  [1m[34mSELECT  "genres".* FROM "genres" LIMIT $1[0m  [["LIMIT", 11]]
  [1m[36mCACHE Genre Load (0.0ms)[0m  [1m[34mSELECT  "genres".* FROM "genres" LIMIT $1[0m  [["LIMIT", 11]]
  [1m[36mCACHE Genre Load (0.0ms)[0m  [1m[34mSELECT  "genres".* FROM "genres" LIMIT $1[0m  [["LIMIT", 11]]
  [1m[36mCACHE Genre Load (0.0ms)[0m  [1m[34mSELECT  "genres".* FROM "genres" LIMIT $1[0m  [["LIMIT", 11]]
  Rendered songs/new.html.erb within layouts/application (125.1ms)
Completed 500 Internal Server Error in 141ms (ActiveRecord: 0.5ms)


  
ActionView::Template::Error (undefined method `input' for #<ActionView::Helpers::FormBuilder:0x007f9c46a5fa48>):
    1: <%= form_with model: @song, local: true do |f| %>
    2:   <%= f.input :name %>
    3:   <%= f.collection_check_boxes :genre_ids, @genres, :id, :name  %>
    4:   <%= f.submit %>
    5: <% end %>
  
app/views/songs/new.html.erb:2:in `block in _app_views_songs_new_html_erb___3329153094269710443_70154546699680'
app/views/songs/new.html.erb:1:in `_app_views_songs_new_html_erb___3329153094269710443_70154546699680'
Started GET "/songs/new" for 127.0.0.1 at 2018-07-19 17:37:03 +0800
Processing by SongsController#new as HTML
  Rendering songs/new.html.erb within layouts/application
  [1m[36mGenre Load (0.2ms)[0m  [1m[34mSELECT "genres".* FROM "genres"[0m
  Rendered songs/new.html.erb within layouts/application (3.9ms)
Completed 200 OK in 32ms (Views: 28.6ms | ActiveRecord: 0.2ms)


Started POST "/songs" for 127.0.0.1 at 2018-07-19 17:37:11 +0800
Processing by SongsController#create as HTML
  Parameters: {"utf8"=>"✓", "authenticity_token"=>"jDLalo9sy34aVveSzH7Ll3mHqhAQ88nzXE6J9wonzTpwahJbhZVsdh2pX99xsr0h6FrGWTcg0XOI15rv3AEEKw==", "song"=>{"name"=>"old mcdonald", "genre_ids"=>["", "1"]}, "commit"=>"Create Song"}
  [1m[36mGenre Load (0.6ms)[0m  [1m[34mSELECT "genres".* FROM "genres" WHERE "genres"."id" = 1[0m
  [1m[35m (0.2ms)[0m  [1m[35mBEGIN[0m
  [1m[35mSQL (1.3ms)[0m  [1m[32mINSERT INTO "songs" ("name") VALUES ($1) RETURNING "id"[0m  [["name", "old mcdonald"]]
  [1m[35mSQL (0.4ms)[0m  [1m[32mINSERT INTO "genres_songs" ("song_id", "genre_id") VALUES ($1, $2) RETURNING "id"[0m  [["song_id", 2], ["genre_id", 1]]
  [1m[35m (0.7ms)[0m  [1m[35mCOMMIT[0m
Redirected to http://localhost:3000/
Completed 302 Found in 22ms (ActiveRecord: 7.9ms)


Started GET "/" for 127.0.0.1 at 2018-07-19 17:37:11 +0800
Processing by SongsController#index as HTML
  Rendering songs/index.html.erb within layouts/application
  [1m[36mSong Load (0.3ms)[0m  [1m[34mSELECT "songs".* FROM "songs"[0m
  Rendered songs/index.html.erb within layouts/application (2.0ms)
Completed 200 OK in 31ms (Views: 26.6ms | ActiveRecord: 0.3ms)


Started GET "/songs/2" for 127.0.0.1 at 2018-07-19 17:37:13 +0800
Processing by SongsController#show as HTML
  Parameters: {"id"=>"2"}
  [1m[36mSong Load (0.4ms)[0m  [1m[34mSELECT  "songs".* FROM "songs" WHERE "songs"."id" = $1 LIMIT $2[0m  [["id", 2], ["LIMIT", 1]]
  Rendering songs/show.html.erb within layouts/application
  [1m[36mGenre Load (0.4ms)[0m  [1m[34mSELECT "genres".* FROM "genres" INNER JOIN "genres_songs" ON "genres"."id" = "genres_songs"."genre_id" WHERE "genres_songs"."song_id" = $1[0m  [["song_id", 2]]
  Rendered songs/show.html.erb within layouts/application (4.2ms)
Completed 200 OK in 49ms (Views: 43.2ms | ActiveRecord: 0.8ms)


Started GET "/" for 127.0.0.1 at 2018-07-19 17:37:31 +0800
Processing by SongsController#index as HTML
  Rendering songs/index.html.erb within layouts/application
  [1m[36mSong Load (0.2ms)[0m  [1m[34mSELECT "songs".* FROM "songs"[0m
  Rendered songs/index.html.erb within layouts/application (2.0ms)
Completed 200 OK in 29ms (Views: 21.1ms | ActiveRecord: 0.2ms)


Started GET "/" for 127.0.0.1 at 2018-07-19 17:37:55 +0800
Processing by SongsController#index as HTML
  Rendering songs/index.html.erb within layouts/application
  [1m[36mSong Load (0.3ms)[0m  [1m[34mSELECT "songs".* FROM "songs"[0m
  Rendered songs/index.html.erb within layouts/application (2.2ms)
Completed 200 OK in 28ms (Views: 22.7ms | ActiveRecord: 0.3ms)


Started GET "/songs/1" for 127.0.0.1 at 2018-07-19 17:38:01 +0800
Processing by SongsController#show as HTML
  Parameters: {"id"=>"1"}
  [1m[36mSong Load (0.4ms)[0m  [1m[34mSELECT  "songs".* FROM "songs" WHERE "songs"."id" = $1 LIMIT $2[0m  [["id", 1], ["LIMIT", 1]]
  Rendering songs/show.html.erb within layouts/application
  [1m[36mGenre Load (1.2ms)[0m  [1m[34mSELECT "genres".* FROM "genres" INNER JOIN "genres_songs" ON "genres"."id" = "genres_songs"."genre_id" WHERE "genres_songs"."song_id" = $1[0m  [["song_id", 1]]
  Rendered songs/show.html.erb within layouts/application (8.8ms)
Completed 200 OK in 71ms (Views: 58.0ms | ActiveRecord: 1.5ms)


Started GET "/songs/1" for 127.0.0.1 at 2018-07-19 17:38:58 +0800
Processing by SongsController#show as HTML
  Parameters: {"id"=>"1"}
  [1m[36mSong Load (0.2ms)[0m  [1m[34mSELECT  "songs".* FROM "songs" WHERE "songs"."id" = $1 LIMIT $2[0m  [["id", 1], ["LIMIT", 1]]
  Rendering songs/show.html.erb within layouts/application
  [1m[36mGenre Load (0.4ms)[0m  [1m[34mSELECT "genres".* FROM "genres" INNER JOIN "genres_songs" ON "genres"."id" = "genres_songs"."genre_id" WHERE "genres_songs"."song_id" = $1[0m  [["song_id", 1]]
  Rendered songs/show.html.erb within layouts/application (2.8ms)
Completed 200 OK in 34ms (Views: 29.8ms | ActiveRecord: 0.5ms)


Started GET "/songs/1/edit" for 127.0.0.1 at 2018-07-19 17:39:00 +0800
Processing by SongsController#edit as HTML
  Parameters: {"id"=>"1"}
  [1m[36mSong Load (0.4ms)[0m  [1m[34mSELECT  "songs".* FROM "songs" WHERE "songs"."id" = $1 LIMIT $2[0m  [["id", 1], ["LIMIT", 1]]
Completed 406 Not Acceptable in 125ms (ActiveRecord: 0.4ms)


  
ActionController::UnknownFormat (SongsController#edit is missing a template for this request format and variant.

request.formats: ["text/html"]
request.variant: []

NOTE! For XHR/Ajax or API requests, this action would normally respond with 204 No Content: an empty white screen. Since you're loading it in a web browser, we assume that you expected to actually render a template, not nothing, so we're showing an error to be extra-clear. If you expect 204 No Content, carry on. That's what you'll get from an XHR or API request. Give it a shot.):
  
actionpack (5.1.6) lib/action_controller/metal/implicit_render.rb:53:in `default_render'
actionpack (5.1.6) lib/action_controller/metal/basic_implicit_render.rb:4:in `block in send_action'
actionpack (5.1.6) lib/action_controller/metal/basic_implicit_render.rb:4:in `tap'
actionpack (5.1.6) lib/action_controller/metal/basic_implicit_render.rb:4:in `send_action'
actionpack (5.1.6) lib/abstract_controller/base.rb:186:in `process_action'
actionpack (5.1.6) lib/action_controller/metal/rendering.rb:30:in `process_action'
actionpack (5.1.6) lib/abstract_controller/callbacks.rb:20:in `block in process_action'
activesupport (5.1.6) lib/active_support/callbacks.rb:131:in `run_callbacks'
actionpack (5.1.6) lib/abstract_controller/callbacks.rb:19:in `process_action'
actionpack (5.1.6) lib/action_controller/metal/rescue.rb:20:in `process_action'
actionpack (5.1.6) lib/action_controller/metal/instrumentation.rb:32:in `block in process_action'
activesupport (5.1.6) lib/active_support/notifications.rb:166:in `block in instrument'
activesupport (5.1.6) lib/active_support/notifications/instrumenter.rb:21:in `instrument'
activesupport (5.1.6) lib/active_support/notifications.rb:166:in `instrument'
actionpack (5.1.6) lib/action_controller/metal/instrumentation.rb:30:in `process_action'
actionpack (5.1.6) lib/action_controller/metal/params_wrapper.rb:252:in `process_action'
activerecord (5.1.6) lib/active_record/railties/controller_runtime.rb:22:in `process_action'
actionpack (5.1.6) lib/abstract_controller/base.rb:124:in `process'
actionview (5.1.6) lib/action_view/rendering.rb:30:in `process'
actionpack (5.1.6) lib/action_controller/metal.rb:189:in `dispatch'
actionpack (5.1.6) lib/action_controller/metal.rb:253:in `dispatch'
actionpack (5.1.6) lib/action_dispatch/routing/route_set.rb:49:in `dispatch'
actionpack (5.1.6) lib/action_dispatch/routing/route_set.rb:31:in `serve'
actionpack (5.1.6) lib/action_dispatch/journey/router.rb:50:in `block in serve'
actionpack (5.1.6) lib/action_dispatch/journey/router.rb:33:in `each'
actionpack (5.1.6) lib/action_dispatch/journey/router.rb:33:in `serve'
actionpack (5.1.6) lib/action_dispatch/routing/route_set.rb:844:in `call'
rack (2.0.5) lib/rack/etag.rb:25:in `call'
rack (2.0.5) lib/rack/conditional_get.rb:25:in `call'
rack (2.0.5) lib/rack/head.rb:12:in `call'
rack (2.0.5) lib/rack/session/abstract/id.rb:232:in `context'
rack (2.0.5) lib/rack/session/abstract/id.rb:226:in `call'
actionpack (5.1.6) lib/action_dispatch/middleware/cookies.rb:613:in `call'
activerecord (5.1.6) lib/active_record/migration.rb:556:in `call'
actionpack (5.1.6) lib/action_dispatch/middleware/callbacks.rb:26:in `block in call'
activesupport (5.1.6) lib/active_support/callbacks.rb:97:in `run_callbacks'
actionpack (5.1.6) lib/action_dispatch/middleware/callbacks.rb:24:in `call'
actionpack (5.1.6) lib/action_dispatch/middleware/executor.rb:12:in `call'
actionpack (5.1.6) lib/action_dispatch/middleware/debug_exceptions.rb:59:in `call'
web-console (3.6.2) lib/web_console/middleware.rb:135:in `call_app'
web-console (3.6.2) lib/web_console/middleware.rb:30:in `block in call'
web-console (3.6.2) lib/web_console/middleware.rb:20:in `catch'
web-console (3.6.2) lib/web_console/middleware.rb:20:in `call'
actionpack (5.1.6) lib/action_dispatch/middleware/show_exceptions.rb:31:in `call'
railties (5.1.6) lib/rails/rack/logger.rb:36:in `call_app'
railties (5.1.6) lib/rails/rack/logger.rb:24:in `block in call'
activesupport (5.1.6) lib/active_support/tagged_logging.rb:69:in `block in tagged'
activesupport (5.1.6) lib/active_support/tagged_logging.rb:26:in `tagged'
activesupport (5.1.6) lib/active_support/tagged_logging.rb:69:in `tagged'
railties (5.1.6) lib/rails/rack/logger.rb:24:in `call'
sprockets-rails (3.2.1) lib/sprockets/rails/quiet_assets.rb:13:in `call'
actionpack (5.1.6) lib/action_dispatch/middleware/remote_ip.rb:79:in `call'
actionpack (5.1.6) lib/action_dispatch/middleware/request_id.rb:25:in `call'
rack (2.0.5) lib/rack/method_override.rb:22:in `call'
rack (2.0.5) lib/rack/runtime.rb:22:in `call'
activesupport (5.1.6) lib/active_support/cache/strategy/local_cache_middleware.rb:27:in `call'
actionpack (5.1.6) lib/action_dispatch/middleware/executor.rb:12:in `call'
actionpack (5.1.6) lib/action_dispatch/middleware/static.rb:125:in `call'
rack (2.0.5) lib/rack/sendfile.rb:111:in `call'
railties (5.1.6) lib/rails/engine.rb:522:in `call'
puma (3.12.0) lib/puma/configuration.rb:225:in `call'
puma (3.12.0) lib/puma/server.rb:658:in `handle_request'
puma (3.12.0) lib/puma/server.rb:472:in `process_client'
puma (3.12.0) lib/puma/server.rb:332:in `block in run'
puma (3.12.0) lib/puma/thread_pool.rb:133:in `block in spawn_thread'
Started GET "/songs/1/edit" for 127.0.0.1 at 2018-07-19 17:39:54 +0800
Processing by SongsController#edit as HTML
  Parameters: {"id"=>"1"}
  [1m[36mSong Load (0.2ms)[0m  [1m[34mSELECT  "songs".* FROM "songs" WHERE "songs"."id" = $1 LIMIT $2[0m  [["id", 1], ["LIMIT", 1]]
  Rendering songs/edit.html.erb within layouts/application
  [1m[36mGenre Load (0.4ms)[0m  [1m[34mSELECT "genres".* FROM "genres"[0m
  [1m[35m (0.5ms)[0m  [1m[34mSELECT "genres"."id" FROM "genres" INNER JOIN "genres_songs" ON "genres"."id" = "genres_songs"."genre_id" WHERE "genres_songs"."song_id" = $1[0m  [["song_id", 1]]
  Rendered songs/_form.html.erb (20.6ms)
  Rendered songs/edit.html.erb within layouts/application (24.0ms)
Completed 200 OK in 89ms (Views: 40.0ms | ActiveRecord: 14.3ms)


Started PATCH "/songs/1" for 127.0.0.1 at 2018-07-19 17:40:12 +0800
Processing by SongsController#update as HTML
  Parameters: {"utf8"=>"✓", "authenticity_token"=>"J2q1nAddlE+vy+d46mDxLw3JoAWcwdhZSRUNu4N+TGbbMn1RDaQzR6g0TzVXrIeZnBTMTLsSwNmdjB6jVViFdw==", "song"=>{"name"=>"happy birthday - edited", "genre_ids"=>["", "2"]}, "commit"=>"Update Song", "id"=>"1"}
  [1m[36mSong Load (0.4ms)[0m  [1m[34mSELECT  "songs".* FROM "songs" WHERE "songs"."id" = $1 LIMIT $2[0m  [["id", 1], ["LIMIT", 1]]
  [1m[35m (0.2ms)[0m  [1m[35mBEGIN[0m
  [1m[36mGenre Load (0.7ms)[0m  [1m[34mSELECT "genres".* FROM "genres" WHERE "genres"."id" = 2[0m
  [1m[36mGenre Load (0.7ms)[0m  [1m[34mSELECT "genres".* FROM "genres" INNER JOIN "genres_songs" ON "genres"."id" = "genres_songs"."genre_id" WHERE "genres_songs"."song_id" = $1[0m  [["song_id", 1]]
  [1m[35mSQL (1.6ms)[0m  [1m[33mUPDATE "songs" SET "name" = $1 WHERE "songs"."id" = $2[0m  [["name", "happy birthday - edited"], ["id", 1]]
  [1m[35m (0.5ms)[0m  [1m[35mCOMMIT[0m
Redirected to http://localhost:3000/
Completed 302 Found in 18ms (ActiveRecord: 4.2ms)


Started GET "/" for 127.0.0.1 at 2018-07-19 17:40:12 +0800
Processing by SongsController#index as HTML
  Rendering songs/index.html.erb within layouts/application
  [1m[36mSong Load (0.2ms)[0m  [1m[34mSELECT "songs".* FROM "songs"[0m
  Rendered songs/index.html.erb within layouts/application (1.8ms)
Completed 200 OK in 42ms (Views: 30.0ms | ActiveRecord: 0.2ms)


Started GET "/songs/1" for 127.0.0.1 at 2018-07-19 17:40:14 +0800
Processing by SongsController#show as HTML
  Parameters: {"id"=>"1"}
  [1m[36mSong Load (0.2ms)[0m  [1m[34mSELECT  "songs".* FROM "songs" WHERE "songs"."id" = $1 LIMIT $2[0m  [["id", 1], ["LIMIT", 1]]
  Rendering songs/show.html.erb within layouts/application
  [1m[36mGenre Load (0.4ms)[0m  [1m[34mSELECT "genres".* FROM "genres" INNER JOIN "genres_songs" ON "genres"."id" = "genres_songs"."genre_id" WHERE "genres_songs"."song_id" = $1[0m  [["song_id", 1]]
  Rendered songs/show.html.erb within layouts/application (4.1ms)
Completed 200 OK in 38ms (Views: 31.8ms | ActiveRecord: 0.7ms)


Started DELETE "/songs/1" for 127.0.0.1 at 2018-07-19 17:40:18 +0800
Processing by SongsController#destroy as HTML
  Parameters: {"authenticity_token"=>"YhI8qCKTTancZm9cttvEDPEf3B1fryaTmF6svTaKx0KeSvRlKGrqoduZxxELF7K6YMKwVHh8PhNMx7+l4KwOUw==", "id"=>"1"}
  [1m[36mSong Load (0.3ms)[0m  [1m[34mSELECT  "songs".* FROM "songs" WHERE "songs"."id" = $1 LIMIT $2[0m  [["id", 1], ["LIMIT", 1]]
  [1m[35m (0.2ms)[0m  [1m[35mBEGIN[0m
  [1m[35mSQL (0.4ms)[0m  [1m[31mDELETE FROM "genres_songs" WHERE "genres_songs"."song_id" = $1[0m  [["song_id", 1]]
  [1m[35mSQL (0.3ms)[0m  [1m[31mDELETE FROM "songs" WHERE "songs"."id" = $1[0m  [["id", 1]]
  [1m[35m (2.0ms)[0m  [1m[35mCOMMIT[0m
Redirected to http://localhost:3000/
Completed 302 Found in 10ms (ActiveRecord: 3.1ms)


Started GET "/" for 127.0.0.1 at 2018-07-19 17:40:18 +0800
Processing by SongsController#index as HTML
  Rendering songs/index.html.erb within layouts/application
  [1m[36mSong Load (0.5ms)[0m  [1m[34mSELECT "songs".* FROM "songs"[0m
  Rendered songs/index.html.erb within layouts/application (3.7ms)
Completed 200 OK in 39ms (Views: 35.9ms | ActiveRecord: 0.5ms)


Started GET "/" for 127.0.0.1 at 2018-07-19 17:40:36 +0800
Processing by SongsController#index as HTML
  Rendering songs/index.html.erb within layouts/application
  [1m[36mSong Load (0.3ms)[0m  [1m[34mSELECT "songs".* FROM "songs"[0m
  Rendered songs/index.html.erb within layouts/application (2.2ms)
Completed 200 OK in 30ms (Views: 22.3ms | ActiveRecord: 0.3ms)


Started GET "/genres/new" for 127.0.0.1 at 2018-07-19 17:40:38 +0800
Processing by GenresController#new as HTML
  Rendering genres/new.html.erb within layouts/application
  [1m[36mSong Load (0.8ms)[0m  [1m[34mSELECT "songs".* FROM "songs"[0m
  Rendered genres/new.html.erb within layouts/application (13.6ms)
Completed 200 OK in 70ms (Views: 64.9ms | ActiveRecord: 0.8ms)


Started POST "/genres" for 127.0.0.1 at 2018-07-19 17:40:44 +0800
Processing by GenresController#create as HTML
  Parameters: {"utf8"=>"✓", "authenticity_token"=>"ua363FWSBZB0PYjyLp7hYxNF2lTAHhbuxGPYariGD8qp0gmFf/Q2PjhLJhw5aMgwUkLhU16lYi1kCYQhZVfd7A==", "genre"=>{"name"=>"Blues", "song_ids"=>[""]}, "commit"=>"Create Genre"}
  [1m[36mSong Load (0.4ms)[0m  [1m[34mSELECT "songs".* FROM "songs" WHERE 1=0[0m
  [1m[35m (0.2ms)[0m  [1m[35mBEGIN[0m
  [1m[35mSQL (1.0ms)[0m  [1m[32mINSERT INTO "genres" ("name") VALUES ($1) RETURNING "id"[0m  [["name", "Blues"]]
  [1m[35m (0.5ms)[0m  [1m[35mCOMMIT[0m
Redirected to http://localhost:3000/
Completed 302 Found in 10ms (ActiveRecord: 2.0ms)


Started GET "/" for 127.0.0.1 at 2018-07-19 17:40:44 +0800
Processing by SongsController#index as HTML
  Rendering songs/index.html.erb within layouts/application
  [1m[36mSong Load (0.2ms)[0m  [1m[34mSELECT "songs".* FROM "songs"[0m
  Rendered songs/index.html.erb within layouts/application (2.7ms)
Completed 200 OK in 42ms (Views: 37.4ms | ActiveRecord: 0.2ms)


Started GET "/genres/new" for 127.0.0.1 at 2018-07-19 17:40:48 +0800
Processing by GenresController#new as HTML
  Rendering genres/new.html.erb within layouts/application
  [1m[36mSong Load (0.5ms)[0m  [1m[34mSELECT "songs".* FROM "songs"[0m
  Rendered genres/new.html.erb within layouts/application (9.5ms)
Completed 200 OK in 69ms (Views: 63.1ms | ActiveRecord: 0.5ms)


Started POST "/genres" for 127.0.0.1 at 2018-07-19 17:40:51 +0800
Processing by GenresController#create as HTML
  Parameters: {"utf8"=>"✓", "authenticity_token"=>"IAXg6BmjQ5YYSvQ/+o73jYDoPa+xs5lRg3y+x0RYthMwehOxM8VwOFQ8WtHteN7ewe8GqC8I7ZIjFuKMmYlkNQ==", "genre"=>{"name"=>"Classical", "song_ids"=>[""]}, "commit"=>"Create Genre"}
  [1m[36mSong Load (0.3ms)[0m  [1m[34mSELECT "songs".* FROM "songs" WHERE 1=0[0m
  [1m[35m (0.2ms)[0m  [1m[35mBEGIN[0m
  [1m[35mSQL (0.6ms)[0m  [1m[32mINSERT INTO "genres" ("name") VALUES ($1) RETURNING "id"[0m  [["name", "Classical"]]
  [1m[35m (0.6ms)[0m  [1m[35mCOMMIT[0m
Redirected to http://localhost:3000/
Completed 302 Found in 9ms (ActiveRecord: 1.7ms)


Started GET "/" for 127.0.0.1 at 2018-07-19 17:40:51 +0800
Processing by SongsController#index as HTML
  Rendering songs/index.html.erb within layouts/application
  [1m[36mSong Load (0.2ms)[0m  [1m[34mSELECT "songs".* FROM "songs"[0m
  Rendered songs/index.html.erb within layouts/application (3.0ms)
Completed 200 OK in 50ms (Views: 44.7ms | ActiveRecord: 0.2ms)


Started GET "/songs/new" for 127.0.0.1 at 2018-07-19 17:40:52 +0800
Processing by SongsController#new as HTML
  Rendering songs/new.html.erb within layouts/application
  [1m[36mGenre Load (1.4ms)[0m  [1m[34mSELECT "genres".* FROM "genres"[0m
  Rendered songs/_form.html.erb (13.1ms)
  Rendered songs/new.html.erb within layouts/application (18.0ms)
Completed 200 OK in 58ms (Views: 49.3ms | ActiveRecord: 1.4ms)


Started POST "/songs" for 127.0.0.1 at 2018-07-19 17:40:58 +0800
Processing by SongsController#create as HTML
  Parameters: {"utf8"=>"✓", "authenticity_token"=>"tDkGAIJDAbyaYLY9ALde+7fCJRUBMLEvHGq9Cz/om8I/JXW4hUjMTS3nEWL1BvyPHHjIuvt5c8wEqpQvoMWaPA==", "song"=>{"name"=>"Blues Clues", "genre_ids"=>["", "3"]}, "commit"=>"Create Song"}
  [1m[36mGenre Load (0.4ms)[0m  [1m[34mSELECT "genres".* FROM "genres" WHERE "genres"."id" = 3[0m
  [1m[35m (0.1ms)[0m  [1m[35mBEGIN[0m
  [1m[35mSQL (0.4ms)[0m  [1m[32mINSERT INTO "songs" ("name") VALUES ($1) RETURNING "id"[0m  [["name", "Blues Clues"]]
  [1m[35mSQL (0.2ms)[0m  [1m[32mINSERT INTO "genres_songs" ("song_id", "genre_id") VALUES ($1, $2) RETURNING "id"[0m  [["song_id", 3], ["genre_id", 3]]
  [1m[35m (0.5ms)[0m  [1m[35mCOMMIT[0m
Redirected to http://localhost:3000/
Completed 302 Found in 14ms (ActiveRecord: 3.2ms)


Started GET "/" for 127.0.0.1 at 2018-07-19 17:40:58 +0800
Processing by SongsController#index as HTML
  Rendering songs/index.html.erb within layouts/application
  [1m[36mSong Load (0.2ms)[0m  [1m[34mSELECT "songs".* FROM "songs"[0m
  Rendered songs/index.html.erb within layouts/application (1.7ms)
Completed 200 OK in 25ms (Views: 21.9ms | ActiveRecord: 0.2ms)


Started GET "/songs/3" for 127.0.0.1 at 2018-07-19 17:41:00 +0800
Processing by SongsController#show as HTML
  Parameters: {"id"=>"3"}
  [1m[36mSong Load (0.4ms)[0m  [1m[34mSELECT  "songs".* FROM "songs" WHERE "songs"."id" = $1 LIMIT $2[0m  [["id", 3], ["LIMIT", 1]]
  Rendering songs/show.html.erb within layouts/application
  [1m[36mGenre Load (0.4ms)[0m  [1m[34mSELECT "genres".* FROM "genres" INNER JOIN "genres_songs" ON "genres"."id" = "genres_songs"."genre_id" WHERE "genres_songs"."song_id" = $1[0m  [["song_id", 3]]
  Rendered songs/show.html.erb within layouts/application (4.0ms)
Completed 200 OK in 39ms (Views: 32.9ms | ActiveRecord: 0.8ms)


Started GET "/" for 127.0.0.1 at 2018-07-19 17:41:02 +0800
Processing by SongsController#index as HTML
  Rendering songs/index.html.erb within layouts/application
  [1m[36mSong Load (0.3ms)[0m  [1m[34mSELECT "songs".* FROM "songs"[0m
  Rendered songs/index.html.erb within layouts/application (3.2ms)
Completed 200 OK in 42ms (Views: 35.8ms | ActiveRecord: 0.3ms)


Started GET "/songs/3" for 127.0.0.1 at 2018-07-19 17:41:03 +0800
Processing by SongsController#show as HTML
  Parameters: {"id"=>"3"}
  [1m[36mSong Load (0.4ms)[0m  [1m[34mSELECT  "songs".* FROM "songs" WHERE "songs"."id" = $1 LIMIT $2[0m  [["id", 3], ["LIMIT", 1]]
  Rendering songs/show.html.erb within layouts/application
  [1m[36mGenre Load (1.3ms)[0m  [1m[34mSELECT "genres".* FROM "genres" INNER JOIN "genres_songs" ON "genres"."id" = "genres_songs"."genre_id" WHERE "genres_songs"."song_id" = $1[0m  [["song_id", 3]]
  Rendered songs/show.html.erb within layouts/application (3.8ms)
Completed 200 OK in 41ms (Views: 33.3ms | ActiveRecord: 1.7ms)


Started GET "/genres/3" for 127.0.0.1 at 2018-07-19 17:41:04 +0800
Processing by GenresController#show as HTML
  Parameters: {"id"=>"3"}
  [1m[36mGenre Load (0.3ms)[0m  [1m[34mSELECT  "genres".* FROM "genres" WHERE "genres"."id" = $1 LIMIT $2[0m  [["id", 3], ["LIMIT", 1]]
  Rendering genres/show.html.erb within layouts/application
  [1m[36mSong Load (1.0ms)[0m  [1m[34mSELECT "songs".* FROM "songs" INNER JOIN "genres_songs" ON "songs"."id" = "genres_songs"."song_id" WHERE "genres_songs"."genre_id" = $1[0m  [["genre_id", 3]]
  Rendered genres/show.html.erb within layouts/application (6.5ms)
Completed 200 OK in 53ms (Views: 43.4ms | ActiveRecord: 1.3ms)


Started GET "/genres/3" for 127.0.0.1 at 2018-07-19 17:41:23 +0800
Processing by GenresController#show as HTML
  Parameters: {"id"=>"3"}
  [1m[36mGenre Load (0.3ms)[0m  [1m[34mSELECT  "genres".* FROM "genres" WHERE "genres"."id" = $1 LIMIT $2[0m  [["id", 3], ["LIMIT", 1]]
  Rendering genres/show.html.erb within layouts/application
  [1m[36mSong Load (0.4ms)[0m  [1m[34mSELECT "songs".* FROM "songs" INNER JOIN "genres_songs" ON "songs"."id" = "genres_songs"."song_id" WHERE "genres_songs"."genre_id" = $1[0m  [["genre_id", 3]]
  Rendered genres/show.html.erb within layouts/application (2.4ms)
Completed 200 OK in 24ms (Views: 19.7ms | ActiveRecord: 0.7ms)


Started GET "/genres/3" for 127.0.0.1 at 2018-07-19 17:43:00 +0800
Processing by GenresController#show as HTML
  Parameters: {"id"=>"3"}
  [1m[36mGenre Load (0.3ms)[0m  [1m[34mSELECT  "genres".* FROM "genres" WHERE "genres"."id" = $1 LIMIT $2[0m  [["id", 3], ["LIMIT", 1]]
  Rendering genres/show.html.erb within layouts/application
  [1m[36mSong Load (0.4ms)[0m  [1m[34mSELECT "songs".* FROM "songs" INNER JOIN "genres_songs" ON "songs"."id" = "genres_songs"."song_id" WHERE "genres_songs"."genre_id" = $1[0m  [["genre_id", 3]]
  Rendered genres/show.html.erb within layouts/application (2.7ms)
Completed 200 OK in 45ms (Views: 39.6ms | ActiveRecord: 0.7ms)


Started GET "/songs/3" for 127.0.0.1 at 2018-07-19 17:43:02 +0800
Processing by SongsController#show as HTML
  Parameters: {"id"=>"3"}
  [1m[36mSong Load (0.2ms)[0m  [1m[34mSELECT  "songs".* FROM "songs" WHERE "songs"."id" = $1 LIMIT $2[0m  [["id", 3], ["LIMIT", 1]]
  Rendering songs/show.html.erb within layouts/application
  [1m[36mGenre Load (0.6ms)[0m  [1m[34mSELECT "genres".* FROM "genres" INNER JOIN "genres_songs" ON "genres"."id" = "genres_songs"."genre_id" WHERE "genres_songs"."song_id" = $1[0m  [["song_id", 3]]
  Rendered songs/show.html.erb within layouts/application (3.7ms)
Completed 200 OK in 45ms (Views: 39.2ms | ActiveRecord: 0.8ms)


Started GET "/genres/3" for 127.0.0.1 at 2018-07-19 17:43:04 +0800
Processing by GenresController#show as HTML
  Parameters: {"id"=>"3"}
  [1m[36mGenre Load (0.4ms)[0m  [1m[34mSELECT  "genres".* FROM "genres" WHERE "genres"."id" = $1 LIMIT $2[0m  [["id", 3], ["LIMIT", 1]]
  Rendering genres/show.html.erb within layouts/application
  [1m[36mSong Load (0.5ms)[0m  [1m[34mSELECT "songs".* FROM "songs" INNER JOIN "genres_songs" ON "songs"."id" = "genres_songs"."song_id" WHERE "genres_songs"."genre_id" = $1[0m  [["genre_id", 3]]
  Rendered genres/show.html.erb within layouts/application (3.3ms)
Completed 200 OK in 46ms (Views: 36.8ms | ActiveRecord: 0.9ms)


Started GET "/" for 127.0.0.1 at 2018-07-19 17:43:07 +0800
Processing by SongsController#index as HTML
  Rendering songs/index.html.erb within layouts/application
  [1m[36mSong Load (0.3ms)[0m  [1m[34mSELECT "songs".* FROM "songs"[0m
  Rendered songs/index.html.erb within layouts/application (2.5ms)
Completed 200 OK in 37ms (Views: 31.0ms | ActiveRecord: 0.3ms)


Started GET "/songs/new" for 127.0.0.1 at 2018-07-19 17:43:15 +0800
Processing by SongsController#new as HTML
  Rendering songs/new.html.erb within layouts/application
  [1m[36mGenre Load (0.6ms)[0m  [1m[34mSELECT "genres".* FROM "genres"[0m
  Rendered songs/_form.html.erb (6.1ms)
  Rendered songs/new.html.erb within layouts/application (10.0ms)
Completed 200 OK in 39ms (Views: 34.6ms | ActiveRecord: 0.6ms)


Started POST "/songs" for 127.0.0.1 at 2018-07-19 17:43:22 +0800
Processing by SongsController#create as HTML
  Parameters: {"utf8"=>"✓", "authenticity_token"=>"1I9LMHRRmjJRqIHiXzmXaxRKhSXuIRVgQM8fvahQIghfkziIc1pXw+YvJr2qiDUfv/BoihRo14NYDzaZN30j9g==", "song"=>{"name"=>"Testing Again", "genre_ids"=>["", "4"]}, "commit"=>"Create Song"}
  [1m[36mGenre Load (0.4ms)[0m  [1m[34mSELECT "genres".* FROM "genres" WHERE "genres"."id" = 4[0m
  [1m[35m (0.2ms)[0m  [1m[35mBEGIN[0m
  [1m[35mSQL (0.4ms)[0m  [1m[32mINSERT INTO "songs" ("name") VALUES ($1) RETURNING "id"[0m  [["name", "Testing Again"]]
  [1m[35mSQL (0.5ms)[0m  [1m[32mINSERT INTO "genres_songs" ("song_id", "genre_id") VALUES ($1, $2) RETURNING "id"[0m  [["song_id", 4], ["genre_id", 4]]
  [1m[35m (1.1ms)[0m  [1m[35mCOMMIT[0m
Redirected to http://localhost:3000/
Completed 302 Found in 11ms (ActiveRecord: 2.5ms)


Started GET "/" for 127.0.0.1 at 2018-07-19 17:43:22 +0800
Processing by SongsController#index as HTML
  Rendering songs/index.html.erb within layouts/application
  [1m[36mSong Load (0.2ms)[0m  [1m[34mSELECT "songs".* FROM "songs"[0m
  Rendered songs/index.html.erb within layouts/application (2.0ms)
Completed 200 OK in 27ms (Views: 24.0ms | ActiveRecord: 0.2ms)


Started GET "/genres/new" for 127.0.0.1 at 2018-07-19 17:43:25 +0800
Processing by GenresController#new as HTML
  Rendering genres/new.html.erb within layouts/application
  [1m[36mSong Load (0.3ms)[0m  [1m[34mSELECT "songs".* FROM "songs"[0m
  Rendered genres/new.html.erb within layouts/application (6.6ms)
Completed 200 OK in 50ms (Views: 45.2ms | ActiveRecord: 0.3ms)


Started POST "/genres" for 127.0.0.1 at 2018-07-19 17:43:30 +0800
Processing by GenresController#create as HTML
  Parameters: {"utf8"=>"✓", "authenticity_token"=>"sswkfP66Ocj68JGh5U2QJm7qwcwJtPQCb9957vmQ84ais9cl1NwKZraGP0/yu7l1L+36y5cPgMHPtSWlJEEhoA==", "genre"=>{"name"=>"Wtfak ", "song_ids"=>[""]}, "commit"=>"Create Genre"}
  [1m[36mSong Load (0.3ms)[0m  [1m[34mSELECT "songs".* FROM "songs" WHERE 1=0[0m
  [1m[35m (0.2ms)[0m  [1m[35mBEGIN[0m
  [1m[35mSQL (0.3ms)[0m  [1m[32mINSERT INTO "genres" ("name") VALUES ($1) RETURNING "id"[0m  [["name", "Wtfak "]]
  [1m[35m (0.5ms)[0m  [1m[35mCOMMIT[0m
Redirected to http://localhost:3000/
Completed 302 Found in 6ms (ActiveRecord: 1.2ms)


Started GET "/" for 127.0.0.1 at 2018-07-19 17:43:30 +0800
Processing by SongsController#index as HTML
  Rendering songs/index.html.erb within layouts/application
  [1m[36mSong Load (0.3ms)[0m  [1m[34mSELECT "songs".* FROM "songs"[0m
  Rendered songs/index.html.erb within layouts/application (2.2ms)
Completed 200 OK in 31ms (Views: 25.8ms | ActiveRecord: 0.3ms)


Started GET "/songs/4" for 127.0.0.1 at 2018-07-19 17:43:34 +0800
Processing by SongsController#show as HTML
  Parameters: {"id"=>"4"}
  [1m[36mSong Load (0.3ms)[0m  [1m[34mSELECT  "songs".* FROM "songs" WHERE "songs"."id" = $1 LIMIT $2[0m  [["id", 4], ["LIMIT", 1]]
  Rendering songs/show.html.erb within layouts/application
  [1m[36mGenre Load (0.7ms)[0m  [1m[34mSELECT "genres".* FROM "genres" INNER JOIN "genres_songs" ON "genres"."id" = "genres_songs"."genre_id" WHERE "genres_songs"."song_id" = $1[0m  [["song_id", 4]]
  Rendered songs/show.html.erb within layouts/application (4.9ms)
Completed 200 OK in 52ms (Views: 44.8ms | ActiveRecord: 1.1ms)


Started GET "/" for 127.0.0.1 at 2018-07-19 17:43:37 +0800
Processing by SongsController#index as HTML
  Rendering songs/index.html.erb within layouts/application
  [1m[36mSong Load (0.3ms)[0m  [1m[34mSELECT "songs".* FROM "songs"[0m
  Rendered songs/index.html.erb within layouts/application (2.9ms)
Completed 200 OK in 39ms (Views: 33.3ms | ActiveRecord: 0.3ms)


Started GET "/songs/2" for 127.0.0.1 at 2018-07-19 17:43:38 +0800
Processing by SongsController#show as HTML
  Parameters: {"id"=>"2"}
  [1m[36mSong Load (0.4ms)[0m  [1m[34mSELECT  "songs".* FROM "songs" WHERE "songs"."id" = $1 LIMIT $2[0m  [["id", 2], ["LIMIT", 1]]
  Rendering songs/show.html.erb within layouts/application
  [1m[36mGenre Load (0.4ms)[0m  [1m[34mSELECT "genres".* FROM "genres" INNER JOIN "genres_songs" ON "genres"."id" = "genres_songs"."genre_id" WHERE "genres_songs"."song_id" = $1[0m  [["song_id", 2]]
  Rendered songs/show.html.erb within layouts/application (2.9ms)
Completed 200 OK in 40ms (Views: 33.7ms | ActiveRecord: 0.7ms)


Started GET "/" for 127.0.0.1 at 2018-07-19 17:43:41 +0800
Processing by SongsController#index as HTML
  Rendering songs/index.html.erb within layouts/application
  [1m[36mSong Load (0.3ms)[0m  [1m[34mSELECT "songs".* FROM "songs"[0m
  Rendered songs/index.html.erb within layouts/application (3.3ms)
Completed 200 OK in 50ms (Views: 45.8ms | ActiveRecord: 0.3ms)


Started GET "/songs/4" for 127.0.0.1 at 2018-07-19 17:43:42 +0800
Processing by SongsController#show as HTML
  Parameters: {"id"=>"4"}
  [1m[36mSong Load (0.2ms)[0m  [1m[34mSELECT  "songs".* FROM "songs" WHERE "songs"."id" = $1 LIMIT $2[0m  [["id", 4], ["LIMIT", 1]]
  Rendering songs/show.html.erb within layouts/application
  [1m[36mGenre Load (0.5ms)[0m  [1m[34mSELECT "genres".* FROM "genres" INNER JOIN "genres_songs" ON "genres"."id" = "genres_songs"."genre_id" WHERE "genres_songs"."song_id" = $1[0m  [["song_id", 4]]
  Rendered songs/show.html.erb within layouts/application (2.9ms)
Completed 200 OK in 36ms (Views: 30.0ms | ActiveRecord: 0.7ms)


Started GET "/songs/4/edit" for 127.0.0.1 at 2018-07-19 17:43:43 +0800
Processing by SongsController#edit as HTML
  Parameters: {"id"=>"4"}
  [1m[36mSong Load (0.2ms)[0m  [1m[34mSELECT  "songs".* FROM "songs" WHERE "songs"."id" = $1 LIMIT $2[0m  [["id", 4], ["LIMIT", 1]]
  Rendering songs/edit.html.erb within layouts/application
  [1m[36mGenre Load (0.5ms)[0m  [1m[34mSELECT "genres".* FROM "genres"[0m
  [1m[35m (0.4ms)[0m  [1m[34mSELECT "genres"."id" FROM "genres" INNER JOIN "genres_songs" ON "genres"."id" = "genres_songs"."genre_id" WHERE "genres_songs"."song_id" = $1[0m  [["song_id", 4]]
  Rendered songs/_form.html.erb (8.4ms)
  Rendered songs/edit.html.erb within layouts/application (13.5ms)
Completed 200 OK in 44ms (Views: 36.8ms | ActiveRecord: 1.1ms)


Started PATCH "/songs/4" for 127.0.0.1 at 2018-07-19 17:43:46 +0800
Processing by SongsController#update as HTML
  Parameters: {"utf8"=>"✓", "authenticity_token"=>"4994bzRgemrYq593Ar+I5krR5DBWz5CkR1wAnEujZRW84E2U+TDE/fM8aXQ88BaVEN/y4y1tE89jStmx0tN+0w==", "song"=>{"name"=>"Testing Again", "genre_ids"=>["", "1", "2", "3", "4"]}, "commit"=>"Update Song", "id"=>"4"}
  [1m[36mSong Load (0.2ms)[0m  [1m[34mSELECT  "songs".* FROM "songs" WHERE "songs"."id" = $1 LIMIT $2[0m  [["id", 4], ["LIMIT", 1]]
  [1m[35m (0.2ms)[0m  [1m[35mBEGIN[0m
  [1m[36mGenre Load (1.1ms)[0m  [1m[34mSELECT "genres".* FROM "genres" WHERE "genres"."id" IN (1, 2, 3, 4)[0m
  [1m[36mGenre Load (1.0ms)[0m  [1m[34mSELECT "genres".* FROM "genres" INNER JOIN "genres_songs" ON "genres"."id" = "genres_songs"."genre_id" WHERE "genres_songs"."song_id" = $1[0m  [["song_id", 4]]
  [1m[35mSQL (0.5ms)[0m  [1m[32mINSERT INTO "genres_songs" ("song_id", "genre_id") VALUES ($1, $2) RETURNING "id"[0m  [["song_id", 4], ["genre_id", 1]]
  [1m[35mSQL (0.3ms)[0m  [1m[32mINSERT INTO "genres_songs" ("song_id", "genre_id") VALUES ($1, $2) RETURNING "id"[0m  [["song_id", 4], ["genre_id", 2]]
  [1m[35mSQL (0.3ms)[0m  [1m[32mINSERT INTO "genres_songs" ("song_id", "genre_id") VALUES ($1, $2) RETURNING "id"[0m  [["song_id", 4], ["genre_id", 3]]
  [1m[35m (0.8ms)[0m  [1m[35mCOMMIT[0m
Redirected to http://localhost:3000/
Completed 302 Found in 18ms (ActiveRecord: 4.2ms)


Started GET "/" for 127.0.0.1 at 2018-07-19 17:43:46 +0800
Processing by SongsController#index as HTML
  Rendering songs/index.html.erb within layouts/application
  [1m[36mSong Load (0.2ms)[0m  [1m[34mSELECT "songs".* FROM "songs"[0m
  Rendered songs/index.html.erb within layouts/application (2.0ms)
Completed 200 OK in 23ms (Views: 20.0ms | ActiveRecord: 0.2ms)


Started GET "/songs/4" for 127.0.0.1 at 2018-07-19 17:43:49 +0800
Processing by SongsController#show as HTML
  Parameters: {"id"=>"4"}
  [1m[36mSong Load (0.2ms)[0m  [1m[34mSELECT  "songs".* FROM "songs" WHERE "songs"."id" = $1 LIMIT $2[0m  [["id", 4], ["LIMIT", 1]]
  Rendering songs/show.html.erb within layouts/application
  [1m[36mGenre Load (0.4ms)[0m  [1m[34mSELECT "genres".* FROM "genres" INNER JOIN "genres_songs" ON "genres"."id" = "genres_songs"."genre_id" WHERE "genres_songs"."song_id" = $1[0m  [["song_id", 4]]
  Rendered songs/show.html.erb within layouts/application (4.6ms)
Completed 200 OK in 41ms (Views: 33.9ms | ActiveRecord: 0.6ms)


Started GET "/" for 127.0.0.1 at 2018-07-19 17:43:52 +0800
Processing by SongsController#index as HTML
  Rendering songs/index.html.erb within layouts/application
  [1m[36mSong Load (1.7ms)[0m  [1m[34mSELECT "songs".* FROM "songs"[0m
  Rendered songs/index.html.erb within layouts/application (4.5ms)
Completed 200 OK in 39ms (Views: 32.0ms | ActiveRecord: 1.7ms)


Started GET "/" for 127.0.0.1 at 2018-07-19 17:44:45 +0800
Processing by SongsController#index as HTML
  Rendering songs/index.html.erb within layouts/application
  [1m[36mSong Load (0.2ms)[0m  [1m[34mSELECT "songs".* FROM "songs"[0m
  Rendered songs/index.html.erb within layouts/application (2.2ms)
Completed 200 OK in 32ms (Views: 24.8ms | ActiveRecord: 0.2ms)


Started GET "/songs/2" for 127.0.0.1 at 2018-07-19 17:44:46 +0800
Processing by SongsController#show as HTML
  Parameters: {"id"=>"2"}
  [1m[36mSong Load (0.3ms)[0m  [1m[34mSELECT  "songs".* FROM "songs" WHERE "songs"."id" = $1 LIMIT $2[0m  [["id", 2], ["LIMIT", 1]]
  Rendering songs/show.html.erb within layouts/application
  [1m[36mGenre Load (0.3ms)[0m  [1m[34mSELECT "genres".* FROM "genres" INNER JOIN "genres_songs" ON "genres"."id" = "genres_songs"."genre_id" WHERE "genres_songs"."song_id" = $1[0m  [["song_id", 2]]
  Rendered songs/show.html.erb within layouts/application (3.0ms)
Completed 200 OK in 42ms (Views: 33.1ms | ActiveRecord: 0.6ms)


Started GET "/" for 127.0.0.1 at 2018-07-19 17:44:50 +0800
Processing by SongsController#index as HTML
  Rendering songs/index.html.erb within layouts/application
  [1m[36mSong Load (0.3ms)[0m  [1m[34mSELECT "songs".* FROM "songs"[0m
  Rendered songs/index.html.erb within layouts/application (3.1ms)
Completed 200 OK in 49ms (Views: 44.0ms | ActiveRecord: 0.3ms)


Started GET "/songs/3" for 127.0.0.1 at 2018-07-19 17:44:51 +0800
Processing by SongsController#show as HTML
  Parameters: {"id"=>"3"}
  [1m[36mSong Load (0.8ms)[0m  [1m[34mSELECT  "songs".* FROM "songs" WHERE "songs"."id" = $1 LIMIT $2[0m  [["id", 3], ["LIMIT", 1]]
  Rendering songs/show.html.erb within layouts/application
  [1m[36mGenre Load (0.4ms)[0m  [1m[34mSELECT "genres".* FROM "genres" INNER JOIN "genres_songs" ON "genres"."id" = "genres_songs"."genre_id" WHERE "genres_songs"."song_id" = $1[0m  [["song_id", 3]]
  Rendered songs/show.html.erb within layouts/application (3.6ms)
Completed 200 OK in 31ms (Views: 23.4ms | ActiveRecord: 1.2ms)


Started GET "/" for 127.0.0.1 at 2018-07-19 17:44:52 +0800
Processing by SongsController#index as HTML
  Rendering songs/index.html.erb within layouts/application
  [1m[36mSong Load (0.3ms)[0m  [1m[34mSELECT "songs".* FROM "songs"[0m
  Rendered songs/index.html.erb within layouts/application (2.6ms)
Completed 200 OK in 37ms (Views: 29.7ms | ActiveRecord: 0.3ms)


Started GET "/songs/4" for 127.0.0.1 at 2018-07-19 17:44:53 +0800
Processing by SongsController#show as HTML
  Parameters: {"id"=>"4"}
  [1m[36mSong Load (0.2ms)[0m  [1m[34mSELECT  "songs".* FROM "songs" WHERE "songs"."id" = $1 LIMIT $2[0m  [["id", 4], ["LIMIT", 1]]
  Rendering songs/show.html.erb within layouts/application
  [1m[36mGenre Load (0.3ms)[0m  [1m[34mSELECT "genres".* FROM "genres" INNER JOIN "genres_songs" ON "genres"."id" = "genres_songs"."genre_id" WHERE "genres_songs"."song_id" = $1[0m  [["song_id", 4]]
  Rendered songs/show.html.erb within layouts/application (3.7ms)
Completed 200 OK in 48ms (Views: 38.8ms | ActiveRecord: 0.5ms)


Started GET "/" for 127.0.0.1 at 2018-07-19 17:44:55 +0800
Processing by SongsController#index as HTML
  Rendering songs/index.html.erb within layouts/application
  [1m[36mSong Load (0.5ms)[0m  [1m[34mSELECT "songs".* FROM "songs"[0m
  Rendered songs/index.html.erb within layouts/application (3.6ms)
Completed 200 OK in 37ms (Views: 28.9ms | ActiveRecord: 0.5ms)


Started GET "/" for 127.0.0.1 at 2018-07-19 17:55:47 +0800
  [1m[35m (0.9ms)[0m  [1m[34mSELECT "schema_migrations"."version" FROM "schema_migrations" ORDER BY "schema_migrations"."version" ASC[0m
Processing by SongsController#index as HTML
  Rendering songs/index.html.erb within layouts/application
  [1m[36mSong Load (0.7ms)[0m  [1m[34mSELECT "songs".* FROM "songs"[0m
  Rendered songs/index.html.erb within layouts/application (13.7ms)
Completed 200 OK in 243ms (Views: 209.3ms | ActiveRecord: 7.5ms)


Started GET "/songs/2/genres" for 127.0.0.1 at 2018-07-19 17:55:51 +0800
Processing by GenresController#index as HTML
  Parameters: {"song_id"=>"2"}
  [1m[36mSong Load (0.8ms)[0m  [1m[34mSELECT  "songs".* FROM "songs" WHERE "songs"."id" = $1 LIMIT $2[0m  [["id", 2], ["LIMIT", 1]]
  Rendering genres/index.html.erb within layouts/application
  [1m[36mGenre Load (0.6ms)[0m  [1m[34mSELECT "genres".* FROM "genres" INNER JOIN "genres_songs" ON "genres"."id" = "genres_songs"."genre_id" WHERE "genres_songs"."song_id" = $1[0m  [["song_id", 2]]
  Rendered genres/index.html.erb within layouts/application (44.6ms)
Completed 200 OK in 141ms (Views: 56.9ms | ActiveRecord: 30.4ms)


Started GET "/songs/2/genres" for 127.0.0.1 at 2018-07-19 17:56:15 +0800
Processing by GenresController#index as HTML
  Parameters: {"song_id"=>"2"}
  [1m[36mSong Load (0.9ms)[0m  [1m[34mSELECT  "songs".* FROM "songs" WHERE "songs"."id" = $1 LIMIT $2[0m  [["id", 2], ["LIMIT", 1]]
  Rendering genres/index.html.erb within layouts/application
  [1m[36mGenre Load (0.7ms)[0m  [1m[34mSELECT "genres".* FROM "genres" INNER JOIN "genres_songs" ON "genres"."id" = "genres_songs"."genre_id" WHERE "genres_songs"."song_id" = $1[0m  [["song_id", 2]]
  Rendered genres/index.html.erb within layouts/application (4.1ms)
Completed 200 OK in 34ms (Views: 27.1ms | ActiveRecord: 1.7ms)


Started GET "/" for 127.0.0.1 at 2018-07-19 17:56:21 +0800
Processing by SongsController#index as HTML
  Rendering songs/index.html.erb within layouts/application
  [1m[36mSong Load (0.5ms)[0m  [1m[34mSELECT "songs".* FROM "songs"[0m
  Rendered songs/index.html.erb within layouts/application (5.4ms)
Completed 200 OK in 53ms (Views: 46.3ms | ActiveRecord: 0.5ms)


Started GET "/songs/3" for 127.0.0.1 at 2018-07-19 17:56:23 +0800
Processing by SongsController#show as HTML
  Parameters: {"id"=>"3"}
  [1m[36mSong Load (0.3ms)[0m  [1m[34mSELECT  "songs".* FROM "songs" WHERE "songs"."id" = $1 LIMIT $2[0m  [["id", 3], ["LIMIT", 1]]
  Rendering songs/show.html.erb within layouts/application
  [1m[36mGenre Load (0.4ms)[0m  [1m[34mSELECT "genres".* FROM "genres" INNER JOIN "genres_songs" ON "genres"."id" = "genres_songs"."genre_id" WHERE "genres_songs"."song_id" = $1[0m  [["song_id", 3]]
  Rendered songs/show.html.erb within layouts/application (3.0ms)
Completed 200 OK in 38ms (Views: 29.5ms | ActiveRecord: 0.7ms)


Started GET "/" for 127.0.0.1 at 2018-07-19 17:56:28 +0800
Processing by SongsController#index as HTML
  Rendering songs/index.html.erb within layouts/application
  [1m[36mSong Load (0.7ms)[0m  [1m[34mSELECT "songs".* FROM "songs"[0m
  Rendered songs/index.html.erb within layouts/application (3.8ms)
Completed 200 OK in 42ms (Views: 36.4ms | ActiveRecord: 0.7ms)


Started GET "/songs/4/genres" for 127.0.0.1 at 2018-07-19 17:56:30 +0800
Processing by GenresController#index as HTML
  Parameters: {"song_id"=>"4"}
  [1m[36mSong Load (1.0ms)[0m  [1m[34mSELECT  "songs".* FROM "songs" WHERE "songs"."id" = $1 LIMIT $2[0m  [["id", 4], ["LIMIT", 1]]
  Rendering genres/index.html.erb within layouts/application
  [1m[36mGenre Load (0.5ms)[0m  [1m[34mSELECT "genres".* FROM "genres" INNER JOIN "genres_songs" ON "genres"."id" = "genres_songs"."genre_id" WHERE "genres_songs"."song_id" = $1[0m  [["song_id", 4]]
  Rendered genres/index.html.erb within layouts/application (3.2ms)
Completed 200 OK in 32ms (Views: 23.2ms | ActiveRecord: 1.5ms)


Started GET "/" for 127.0.0.1 at 2018-07-19 17:56:32 +0800
Processing by SongsController#index as HTML
  Rendering songs/index.html.erb within layouts/application
  [1m[36mSong Load (0.4ms)[0m  [1m[34mSELECT "songs".* FROM "songs"[0m
  Rendered songs/index.html.erb within layouts/application (3.0ms)
Completed 200 OK in 52ms (Views: 43.2ms | ActiveRecord: 0.4ms)


